{"/home/travis/build/npmtest/node-npmtest-nar/test.js":{"path":"/home/travis/build/npmtest/node-npmtest-nar/test.js","s":{"1":2,"2":2,"3":2,"4":2,"5":2,"6":2,"7":2,"8":1,"9":2,"10":2,"11":1,"12":1,"13":1,"14":1,"15":2,"16":2,"17":2,"18":2,"19":1,"20":1,"21":2,"22":2,"23":2,"24":1,"25":1,"26":1,"27":1,"28":1,"29":1,"30":1,"31":1,"32":1,"33":1,"34":1,"35":1,"36":1,"37":2,"38":2,"39":1,"40":2,"41":2,"42":1,"43":2,"44":2,"45":1,"46":2,"47":2,"48":1,"49":1,"50":1,"51":1,"52":1},"b":{"1":[2,1,1,1],"2":[1,1,1,1],"3":[1,1],"4":[1,1],"5":[1,1],"6":[1,1],"7":[1,1],"8":[1,1],"9":[1,1,1],"10":[1,1],"11":[1,1],"12":[1,1],"13":[1,1],"14":[1,1],"15":[1,1],"16":[1,1]},"f":{"1":2,"2":2,"3":2,"4":2,"5":2,"6":1,"7":1,"8":2,"9":2,"10":2,"11":2,"12":1},"fnMap":{"1":{"name":"(anonymous_1)","line":12,"loc":{"start":{"line":12,"column":1},"end":{"line":12,"column":13}}},"2":{"name":"(anonymous_2)","line":19,"loc":{"start":{"line":19,"column":5},"end":{"line":19,"column":17}}},"3":{"name":"(anonymous_3)","line":23,"loc":{"start":{"line":23,"column":24},"end":{"line":23,"column":36}}},"4":{"name":"(anonymous_4)","line":61,"loc":{"start":{"line":61,"column":5},"end":{"line":61,"column":17}}},"5":{"name":"(anonymous_5)","line":82,"loc":{"start":{"line":82,"column":5},"end":{"line":82,"column":17}}},"6":{"name":"(anonymous_6)","line":102,"loc":{"start":{"line":102,"column":83},"end":{"line":105,"column":10}},"skip":true},"7":{"name":"(anonymous_7)","line":113,"loc":{"start":{"line":113,"column":77},"end":{"line":116,"column":10}},"skip":true},"8":{"name":"(anonymous_8)","line":129,"loc":{"start":{"line":129,"column":12},"end":{"line":129,"column":40}},"skip":true},"9":{"name":"(anonymous_9)","line":137,"loc":{"start":{"line":137,"column":77},"end":{"line":140,"column":10}},"skip":true},"10":{"name":"(anonymous_10)","line":148,"loc":{"start":{"line":148,"column":83},"end":{"line":151,"column":10}},"skip":true},"11":{"name":"(anonymous_11)","line":159,"loc":{"start":{"line":159,"column":79},"end":{"line":162,"column":10}},"skip":true},"12":{"name":"(anonymous_12)","line":170,"loc":{"start":{"line":170,"column":75},"end":{"line":173,"column":10}},"skip":true}},"statementMap":{"1":{"start":{"line":12,"column":0},"end":{"line":185,"column":5}},"2":{"start":{"line":14,"column":4},"end":{"line":14,"column":14}},"3":{"start":{"line":19,"column":4},"end":{"line":56,"column":9}},"4":{"start":{"line":21,"column":8},"end":{"line":21,"column":19}},"5":{"start":{"line":23,"column":8},"end":{"line":35,"column":13}},"6":{"start":{"line":24,"column":12},"end":{"line":34,"column":13}},"7":{"start":{"line":25,"column":16},"end":{"line":28,"column":30}},"8":{"start":{"line":30,"column":16},"end":{"line":33,"column":27}},"9":{"start":{"line":37,"column":8},"end":{"line":39,"column":21}},"10":{"start":{"line":40,"column":8},"end":{"line":53,"column":9}},"11":{"start":{"line":43,"column":12},"end":{"line":46,"column":14}},"12":{"start":{"line":47,"column":12},"end":{"line":47,"column":18}},"13":{"start":{"line":50,"column":12},"end":{"line":51,"column":46}},"14":{"start":{"line":52,"column":12},"end":{"line":52,"column":18}},"15":{"start":{"line":55,"column":8},"end":{"line":55,"column":35}},"16":{"start":{"line":61,"column":4},"end":{"line":63,"column":9}},"17":{"start":{"line":62,"column":8},"end":{"line":62,"column":15}},"18":{"start":{"line":64,"column":4},"end":{"line":77,"column":5}},"19":{"start":{"line":70,"column":8},"end":{"line":70,"column":14}},"20":{"start":{"line":76,"column":8},"end":{"line":76,"column":14}},"21":{"start":{"line":82,"column":4},"end":{"line":84,"column":9}},"22":{"start":{"line":83,"column":8},"end":{"line":83,"column":15}},"23":{"start":{"line":85,"column":4},"end":{"line":184,"column":5}},"24":{"start":{"line":92,"column":8},"end":{"line":94,"column":63}},"25":{"start":{"line":95,"column":8},"end":{"line":95,"column":14}},"26":{"start":{"line":102,"column":8},"end":{"line":111,"column":10},"skip":true},"27":{"start":{"line":109,"column":12},"end":{"line":109,"column":55},"skip":true},"28":{"start":{"line":110,"column":12},"end":{"line":110,"column":48},"skip":true},"29":{"start":{"line":113,"column":8},"end":{"line":126,"column":10},"skip":true},"30":{"start":{"line":120,"column":12},"end":{"line":120,"column":76},"skip":true},"31":{"start":{"line":121,"column":12},"end":{"line":121,"column":73},"skip":true},"32":{"start":{"line":122,"column":12},"end":{"line":122,"column":74},"skip":true},"33":{"start":{"line":123,"column":12},"end":{"line":123,"column":79},"skip":true},"34":{"start":{"line":124,"column":12},"end":{"line":124,"column":25},"skip":true},"35":{"start":{"line":125,"column":12},"end":{"line":125,"column":45},"skip":true},"36":{"start":{"line":128,"column":8},"end":{"line":135,"column":14},"skip":true},"37":{"start":{"line":133,"column":16},"end":{"line":133,"column":29},"skip":true},"38":{"start":{"line":134,"column":16},"end":{"line":134,"column":55},"skip":true},"39":{"start":{"line":137,"column":8},"end":{"line":146,"column":10},"skip":true},"40":{"start":{"line":144,"column":12},"end":{"line":144,"column":25},"skip":true},"41":{"start":{"line":145,"column":12},"end":{"line":145,"column":45},"skip":true},"42":{"start":{"line":148,"column":8},"end":{"line":157,"column":10},"skip":true},"43":{"start":{"line":155,"column":12},"end":{"line":155,"column":25},"skip":true},"44":{"start":{"line":156,"column":12},"end":{"line":156,"column":48},"skip":true},"45":{"start":{"line":159,"column":8},"end":{"line":168,"column":10},"skip":true},"46":{"start":{"line":166,"column":12},"end":{"line":166,"column":25},"skip":true},"47":{"start":{"line":167,"column":12},"end":{"line":167,"column":46},"skip":true},"48":{"start":{"line":170,"column":8},"end":{"line":179,"column":10},"skip":true},"49":{"start":{"line":177,"column":12},"end":{"line":177,"column":94},"skip":true},"50":{"start":{"line":178,"column":12},"end":{"line":178,"column":48},"skip":true},"51":{"start":{"line":182,"column":8},"end":{"line":182,"column":35},"skip":true},"52":{"start":{"line":183,"column":8},"end":{"line":183,"column":14},"skip":true}},"branchMap":{"1":{"line":25,"type":"binary-expr","locations":[{"start":{"line":25,"column":23},"end":{"line":25,"column":62}},{"start":{"line":26,"column":20},"end":{"line":26,"column":70}},{"start":{"line":27,"column":20},"end":{"line":27,"column":71}},{"start":{"line":28,"column":20},"end":{"line":28,"column":29}}]},"2":{"line":30,"type":"binary-expr","locations":[{"start":{"line":30,"column":23},"end":{"line":30,"column":37}},{"start":{"line":31,"column":20},"end":{"line":31,"column":61}},{"start":{"line":32,"column":20},"end":{"line":32,"column":70}},{"start":{"line":33,"column":20},"end":{"line":33,"column":26}}]},"3":{"line":37,"type":"cond-expr","locations":[{"start":{"line":38,"column":14},"end":{"line":38,"column":20}},{"start":{"line":39,"column":14},"end":{"line":39,"column":20}}]},"4":{"line":40,"type":"switch","locations":[{"start":{"line":42,"column":8},"end":{"line":47,"column":18}},{"start":{"line":49,"column":8},"end":{"line":52,"column":18}}]},"5":{"line":44,"type":"binary-expr","locations":[{"start":{"line":44,"column":16},"end":{"line":44,"column":44}},{"start":{"line":44,"column":48},"end":{"line":44,"column":66}}]},"6":{"line":50,"type":"binary-expr","locations":[{"start":{"line":50,"column":21},"end":{"line":50,"column":49}},{"start":{"line":50,"column":53},"end":{"line":50,"column":72}}]},"7":{"line":64,"type":"switch","locations":[{"start":{"line":69,"column":4},"end":{"line":70,"column":14}},{"start":{"line":75,"column":4},"end":{"line":76,"column":14}}]},"8":{"line":85,"type":"switch","locations":[{"start":{"line":90,"column":4},"end":{"line":95,"column":14}},{"start":{"line":101,"column":4},"end":{"line":183,"column":14},"skip":true}]},"9":{"line":92,"type":"binary-expr","locations":[{"start":{"line":92,"column":18},"end":{"line":92,"column":32}},{"start":{"line":93,"column":12},"end":{"line":93,"column":53}},{"start":{"line":94,"column":12},"end":{"line":94,"column":61}}]},"10":{"line":102,"type":"binary-expr","locations":[{"start":{"line":102,"column":45},"end":{"line":102,"column":79},"skip":true},{"start":{"line":102,"column":83},"end":{"line":111,"column":9},"skip":true}]},"11":{"line":113,"type":"binary-expr","locations":[{"start":{"line":113,"column":42},"end":{"line":113,"column":73},"skip":true},{"start":{"line":113,"column":77},"end":{"line":126,"column":9},"skip":true}]},"12":{"line":128,"type":"binary-expr","locations":[{"start":{"line":128,"column":48},"end":{"line":128,"column":85},"skip":true},{"start":{"line":129,"column":12},"end":{"line":135,"column":13},"skip":true}]},"13":{"line":137,"type":"binary-expr","locations":[{"start":{"line":137,"column":42},"end":{"line":137,"column":73},"skip":true},{"start":{"line":137,"column":77},"end":{"line":146,"column":9},"skip":true}]},"14":{"line":148,"type":"binary-expr","locations":[{"start":{"line":148,"column":45},"end":{"line":148,"column":79},"skip":true},{"start":{"line":148,"column":83},"end":{"line":157,"column":9},"skip":true}]},"15":{"line":159,"type":"binary-expr","locations":[{"start":{"line":159,"column":43},"end":{"line":159,"column":75},"skip":true},{"start":{"line":159,"column":79},"end":{"line":168,"column":9},"skip":true}]},"16":{"line":170,"type":"binary-expr","locations":[{"start":{"line":170,"column":41},"end":{"line":170,"column":71},"skip":true},{"start":{"line":170,"column":75},"end":{"line":179,"column":9},"skip":true}]}},"code":["/* istanbul instrument in package npmtest_nar */","/*jslint","    bitwise: true,","    browser: true,","    maxerr: 8,","    maxlen: 96,","    node: true,","    nomen: true,","    regexp: true,","    stupid: true","*/","(function () {","    'use strict';","    var local;","","","","    // run shared js-env code - pre-init","    (function () {","        // init local","        local = {};","        // init modeJs","        local.modeJs = (function () {","            try {","                return typeof navigator.userAgent === 'string' &&","                    typeof document.querySelector('body') === 'object' &&","                    typeof XMLHttpRequest.prototype.open === 'function' &&","                    'browser';","            } catch (errorCaughtBrowser) {","                return module.exports &&","                    typeof process.versions.node === 'string' &&","                    typeof require('http').createServer === 'function' &&","                    'node';","            }","        }());","        // init global","        local.global = local.modeJs === 'browser'","            ? window","            : global;","        switch (local.modeJs) {","        // re-init local from window.local","        case 'browser':","            local = local.global.utility2.objectSetDefault(","                local.global.utility2_rollup || local.global.local,","                local.global.utility2","            );","            break;","        // re-init local from example.js","        case 'node':","            local = (local.global.utility2_rollup || require('utility2'))","                .requireExampleJsFromReadme();","            break;","        }","        // export local","        local.global.local = local;","    }());","","","","    // run shared js-env code - function","    (function () {","        return;","    }());","    switch (local.modeJs) {","","","","    // run browser js-env code - function","    case 'browser':","        break;","","","","    // run node js-env code - function","    case 'node':","        break;","    }","","","","    // run shared js-env code - post-init","    (function () {","        return;","    }());","    switch (local.modeJs) {","","","","    // run browser js-env code - post-init","    case 'browser':","        // run tests","        local.nop(local.modeTest &&","            document.querySelector('#testRunButton1') &&","            document.querySelector('#testRunButton1').click());","        break;","","","","    // run node js-env code - post-init","    /* istanbul ignore next */","    case 'node':","        local.testCase_buildApidoc_default = local.testCase_buildApidoc_default || function (","            options,","            onError","        ) {","        /*","         * this function will test buildApidoc's default handling-behavior-behavior","         */","            options = { modulePathList: module.paths };","            local.buildApidoc(options, onError);","        };","","        local.testCase_buildApp_default = local.testCase_buildApp_default || function (","            options,","            onError","        ) {","        /*","         * this function will test buildApp's default handling-behavior-behavior","         */","            local.testCase_buildReadme_default(options, local.onErrorThrow);","            local.testCase_buildLib_default(options, local.onErrorThrow);","            local.testCase_buildTest_default(options, local.onErrorThrow);","            local.testCase_buildCustomOrg_default(options, local.onErrorThrow);","            options = [];","            local.buildApp(options, onError);","        };","","        local.testCase_buildCustomOrg_default = local.testCase_buildCustomOrg_default ||","            function (options, onError) {","            /*","             * this function will test buildCustomOrg's default handling-behavior","             */","                options = {};","                local.buildCustomOrg(options, onError);","            };","","        local.testCase_buildLib_default = local.testCase_buildLib_default || function (","            options,","            onError","        ) {","        /*","         * this function will test buildLib's default handling-behavior","         */","            options = {};","            local.buildLib(options, onError);","        };","","        local.testCase_buildReadme_default = local.testCase_buildReadme_default || function (","            options,","            onError","        ) {","        /*","         * this function will test buildReadme's default handling-behavior-behavior","         */","            options = {};","            local.buildReadme(options, onError);","        };","","        local.testCase_buildTest_default = local.testCase_buildTest_default || function (","            options,","            onError","        ) {","        /*","         * this function will test buildTest's default handling-behavior","         */","            options = {};","            local.buildTest(options, onError);","        };","","        local.testCase_webpage_default = local.testCase_webpage_default || function (","            options,","            onError","        ) {","        /*","         * this function will test webpage's default handling-behavior","         */","            options = { modeCoverageMerge: true, url: local.serverLocalHost + '?modeTest=1' };","            local.browserTest(options, onError);","        };","","        // run test-server","        local.testRunServer(local);","        break;","    }","}());",""],"l":{"12":2,"14":2,"19":2,"21":2,"23":2,"24":2,"25":2,"30":1,"37":2,"40":2,"43":1,"47":1,"50":1,"52":1,"55":2,"61":2,"62":2,"64":2,"70":1,"76":1,"82":2,"83":2,"85":2,"92":1,"95":1,"102":1,"109":1,"110":1,"113":1,"120":1,"121":1,"122":1,"123":1,"124":1,"125":1,"128":1,"133":2,"134":2,"137":1,"144":2,"145":2,"148":1,"155":2,"156":2,"159":1,"166":2,"167":2,"170":1,"177":1,"178":1,"182":1,"183":1}},"/home/travis/build/npmtest/node-npmtest-nar/lib.npmtest_nar.js":{"path":"/home/travis/build/npmtest/node-npmtest-nar/lib.npmtest_nar.js","s":{"1":2,"2":2,"3":2,"4":2,"5":2,"6":2,"7":2,"8":1,"9":2,"10":2,"11":2,"12":2,"13":1,"14":1,"15":1,"16":1},"b":{"1":[2,1,1,1],"2":[1,1,1,1],"3":[1,1],"4":[2,2],"5":[1,1]},"f":{"1":2,"2":2,"3":2},"fnMap":{"1":{"name":"(anonymous_1)","line":12,"loc":{"start":{"line":12,"column":1},"end":{"line":12,"column":13}}},"2":{"name":"(anonymous_2)","line":19,"loc":{"start":{"line":19,"column":5},"end":{"line":19,"column":17}}},"3":{"name":"(anonymous_3)","line":23,"loc":{"start":{"line":23,"column":24},"end":{"line":23,"column":36}}}},"statementMap":{"1":{"start":{"line":12,"column":0},"end":{"line":53,"column":5}},"2":{"start":{"line":14,"column":4},"end":{"line":14,"column":14}},"3":{"start":{"line":19,"column":4},"end":{"line":52,"column":9}},"4":{"start":{"line":21,"column":8},"end":{"line":21,"column":19}},"5":{"start":{"line":23,"column":8},"end":{"line":35,"column":13}},"6":{"start":{"line":24,"column":12},"end":{"line":34,"column":13}},"7":{"start":{"line":25,"column":16},"end":{"line":28,"column":30}},"8":{"start":{"line":30,"column":16},"end":{"line":33,"column":27}},"9":{"start":{"line":37,"column":8},"end":{"line":39,"column":21}},"10":{"start":{"line":41,"column":8},"end":{"line":41,"column":54}},"11":{"start":{"line":43,"column":8},"end":{"line":43,"column":48}},"12":{"start":{"line":45,"column":8},"end":{"line":51,"column":9}},"13":{"start":{"line":46,"column":12},"end":{"line":46,"column":54}},"14":{"start":{"line":48,"column":12},"end":{"line":48,"column":35}},"15":{"start":{"line":49,"column":12},"end":{"line":49,"column":49}},"16":{"start":{"line":50,"column":12},"end":{"line":50,"column":43}}},"branchMap":{"1":{"line":25,"type":"binary-expr","locations":[{"start":{"line":25,"column":23},"end":{"line":25,"column":62}},{"start":{"line":26,"column":20},"end":{"line":26,"column":70}},{"start":{"line":27,"column":20},"end":{"line":27,"column":71}},{"start":{"line":28,"column":20},"end":{"line":28,"column":29}}]},"2":{"line":30,"type":"binary-expr","locations":[{"start":{"line":30,"column":23},"end":{"line":30,"column":37}},{"start":{"line":31,"column":20},"end":{"line":31,"column":61}},{"start":{"line":32,"column":20},"end":{"line":32,"column":70}},{"start":{"line":33,"column":20},"end":{"line":33,"column":26}}]},"3":{"line":37,"type":"cond-expr","locations":[{"start":{"line":38,"column":14},"end":{"line":38,"column":20}},{"start":{"line":39,"column":14},"end":{"line":39,"column":20}}]},"4":{"line":41,"type":"binary-expr","locations":[{"start":{"line":41,"column":16},"end":{"line":41,"column":44}},{"start":{"line":41,"column":48},"end":{"line":41,"column":53}}]},"5":{"line":45,"type":"if","locations":[{"start":{"line":45,"column":8},"end":{"line":45,"column":8}},{"start":{"line":45,"column":8},"end":{"line":45,"column":8}}]}},"code":["/* istanbul instrument in package npmtest_nar */","/*jslint","    bitwise: true,","    browser: true,","    maxerr: 8,","    maxlen: 96,","    node: true,","    nomen: true,","    regexp: true,","    stupid: true","*/","(function () {","    'use strict';","    var local;","","","","    // run shared js-env code - pre-init","    (function () {","        // init local","        local = {};","        // init modeJs","        local.modeJs = (function () {","            try {","                return typeof navigator.userAgent === 'string' &&","                    typeof document.querySelector('body') === 'object' &&","                    typeof XMLHttpRequest.prototype.open === 'function' &&","                    'browser';","            } catch (errorCaughtBrowser) {","                return module.exports &&","                    typeof process.versions.node === 'string' &&","                    typeof require('http').createServer === 'function' &&","                    'node';","            }","        }());","        // init global","        local.global = local.modeJs === 'browser'","            ? window","            : global;","        // init utility2_rollup","        local = local.global.utility2_rollup || local;","        // init lib","        local.local = local.npmtest_nar = local;","        // init exports","        if (local.modeJs === 'browser') {","            local.global.utility2_npmtest_nar = local;","        } else {","            module.exports = local;","            module.exports.__dirname = __dirname;","            module.exports.module = module;","        }","    }());","}());",""],"l":{"12":2,"14":2,"19":2,"21":2,"23":2,"24":2,"25":2,"30":1,"37":2,"41":2,"43":2,"45":2,"46":1,"48":1,"49":1,"50":1}},"/home/travis/build/npmtest/node-npmtest-nar/example.js":{"path":"/home/travis/build/npmtest/node-npmtest-nar/example.js","s":{"1":2,"2":2,"3":2,"4":2,"5":2,"6":2,"7":2,"8":1,"9":2,"10":2,"11":2,"12":2,"13":1,"14":2,"15":2,"16":2,"17":2,"18":2,"19":0,"20":2,"21":1,"22":1,"23":1,"24":1,"25":1,"26":0,"27":0,"28":1,"29":1,"30":2,"31":0,"32":0,"33":0,"34":1,"35":2,"36":2,"37":2,"38":2,"39":2,"40":2,"41":0,"42":2,"43":2,"44":2,"45":1,"46":3,"47":1,"48":1,"49":1,"50":1,"51":1,"52":1,"53":1,"54":1,"55":1,"56":1,"57":0,"58":1,"59":6,"60":6,"61":1,"62":2,"63":0,"64":2,"65":1,"66":1,"67":0,"68":0,"69":0,"70":0,"71":0,"72":0,"73":0,"74":0,"75":0,"76":0,"77":0,"78":0,"79":0,"80":0,"81":0,"82":0,"83":0},"b":{"1":[2,1,1,1],"2":[1,1,1,1],"3":[1,1],"4":[2,2],"5":[1,1],"6":[1,1],"7":[2,0],"8":[2,1,1,1,1,1],"9":[0,2,0],"10":[1,1],"11":[2,1,1],"12":[1,0],"13":[0,2],"14":[2,0,0,0,0,0,0],"15":[0,2],"16":[2,0],"17":[1,1],"18":[0,1],"19":[1,2,0,2],"20":[1,0],"21":[1,1],"22":[0,0],"23":[0,0],"24":[0,0],"25":[0,0],"26":[0,0],"27":[0,0],"28":[0,0]},"f":{"1":2,"2":2,"3":2,"4":2,"5":2,"6":2,"7":2,"8":2,"9":3,"10":1,"11":6,"12":0},"fnMap":{"1":{"name":"(anonymous_1)","line":26,"loc":{"start":{"line":26,"column":1},"end":{"line":26,"column":13}}},"2":{"name":"(anonymous_2)","line":33,"loc":{"start":{"line":33,"column":5},"end":{"line":33,"column":17}}},"3":{"name":"(anonymous_3)","line":37,"loc":{"start":{"line":37,"column":24},"end":{"line":37,"column":36}}},"4":{"name":"(anonymous_4)","line":69,"loc":{"start":{"line":69,"column":31},"end":{"line":69,"column":48}},"skip":true},"5":{"name":"(anonymous_5)","line":78,"loc":{"start":{"line":78,"column":26},"end":{"line":78,"column":45}},"skip":true},"6":{"name":"(anonymous_6)","line":123,"loc":{"start":{"line":123,"column":33},"end":{"line":123,"column":48}},"skip":true},"7":{"name":"(anonymous_7)","line":125,"loc":{"start":{"line":125,"column":27},"end":{"line":125,"column":39}},"skip":true},"8":{"name":"(anonymous_8)","line":133,"loc":{"start":{"line":133,"column":59},"end":{"line":133,"column":74}},"skip":true},"9":{"name":"(anonymous_9)","line":143,"loc":{"start":{"line":143,"column":45},"end":{"line":143,"column":62}},"skip":true},"10":{"name":"(anonymous_10)","line":144,"loc":{"start":{"line":144,"column":73},"end":{"line":144,"column":92}},"skip":true},"11":{"name":"(anonymous_11)","line":272,"loc":{"start":{"line":272,"column":51},"end":{"line":272,"column":77}},"skip":true},"12":{"name":"(anonymous_12)","line":314,"loc":{"start":{"line":314,"column":32},"end":{"line":314,"column":61}},"skip":true}},"statementMap":{"1":{"start":{"line":26,"column":0},"end":{"line":325,"column":5}},"2":{"start":{"line":28,"column":4},"end":{"line":28,"column":14}},"3":{"start":{"line":33,"column":4},"end":{"line":60,"column":9}},"4":{"start":{"line":35,"column":8},"end":{"line":35,"column":19}},"5":{"start":{"line":37,"column":8},"end":{"line":49,"column":13}},"6":{"start":{"line":38,"column":12},"end":{"line":48,"column":13}},"7":{"start":{"line":39,"column":16},"end":{"line":42,"column":30}},"8":{"start":{"line":44,"column":16},"end":{"line":47,"column":27}},"9":{"start":{"line":51,"column":8},"end":{"line":53,"column":21}},"10":{"start":{"line":55,"column":8},"end":{"line":57,"column":45}},"11":{"start":{"line":59,"column":8},"end":{"line":59,"column":35}},"12":{"start":{"line":61,"column":4},"end":{"line":324,"column":5}},"13":{"start":{"line":69,"column":8},"end":{"line":121,"column":10},"skip":true},"14":{"start":{"line":70,"column":12},"end":{"line":88,"column":13},"skip":true},"15":{"start":{"line":76,"column":16},"end":{"line":87,"column":19},"skip":true},"16":{"start":{"line":79,"column":20},"end":{"line":86,"column":21},"skip":true},"17":{"start":{"line":82,"column":24},"end":{"line":82,"column":43},"skip":true},"18":{"start":{"line":83,"column":24},"end":{"line":83,"column":30},"skip":true},"19":{"start":{"line":85,"column":24},"end":{"line":85,"column":49},"skip":true},"20":{"start":{"line":89,"column":12},"end":{"line":107,"column":13},"skip":true},"21":{"start":{"line":92,"column":16},"end":{"line":102,"column":17},"skip":true},"22":{"start":{"line":93,"column":20},"end":{"line":93,"column":86},"skip":true},"23":{"start":{"line":94,"column":20},"end":{"line":95,"column":45},"skip":true},"24":{"start":{"line":96,"column":20},"end":{"line":96,"column":42},"skip":true},"25":{"start":{"line":97,"column":20},"end":{"line":97,"column":48},"skip":true},"26":{"start":{"line":100,"column":20},"end":{"line":100,"column":85},"skip":true},"27":{"start":{"line":101,"column":20},"end":{"line":101,"column":96},"skip":true},"28":{"start":{"line":103,"column":16},"end":{"line":103,"column":22},"skip":true},"29":{"start":{"line":106,"column":16},"end":{"line":106,"column":22},"skip":true},"30":{"start":{"line":108,"column":12},"end":{"line":120,"column":13},"skip":true},"31":{"start":{"line":114,"column":16},"end":{"line":119,"column":17},"skip":true},"32":{"start":{"line":116,"column":20},"end":{"line":116,"column":78},"skip":true},"33":{"start":{"line":118,"column":20},"end":{"line":118,"column":47},"skip":true},"34":{"start":{"line":123,"column":8},"end":{"line":141,"column":11},"skip":true},"35":{"start":{"line":124,"column":12},"end":{"line":124,"column":54},"skip":true},"36":{"start":{"line":125,"column":12},"end":{"line":140,"column":14},"skip":true},"37":{"start":{"line":126,"column":16},"end":{"line":126,"column":28},"skip":true},"38":{"start":{"line":127,"column":16},"end":{"line":127,"column":69},"skip":true},"39":{"start":{"line":128,"column":16},"end":{"line":128,"column":75},"skip":true},"40":{"start":{"line":129,"column":16},"end":{"line":131,"column":17},"skip":true},"41":{"start":{"line":130,"column":20},"end":{"line":130,"column":27},"skip":true},"42":{"start":{"line":133,"column":16},"end":{"line":137,"column":36},"skip":true},"43":{"start":{"line":134,"column":20},"end":{"line":136,"column":55},"skip":true},"44":{"start":{"line":139,"column":16},"end":{"line":139,"column":57},"skip":true},"45":{"start":{"line":143,"column":8},"end":{"line":147,"column":11},"skip":true},"46":{"start":{"line":144,"column":12},"end":{"line":146,"column":15},"skip":true},"47":{"start":{"line":145,"column":16},"end":{"line":145,"column":70},"skip":true},"48":{"start":{"line":149,"column":8},"end":{"line":149,"column":31},"skip":true},"49":{"start":{"line":150,"column":8},"end":{"line":150,"column":14},"skip":true},"50":{"start":{"line":158,"column":8},"end":{"line":158,"column":31},"skip":true},"51":{"start":{"line":160,"column":8},"end":{"line":160,"column":33},"skip":true},"52":{"start":{"line":161,"column":8},"end":{"line":161,"column":37},"skip":true},"53":{"start":{"line":162,"column":8},"end":{"line":162,"column":35},"skip":true},"54":{"start":{"line":164,"column":8},"end":{"line":164,"column":50},"skip":true},"55":{"start":{"line":166,"column":8},"end":{"line":256,"column":2},"skip":true},"56":{"start":{"line":258,"column":8},"end":{"line":286,"column":9},"skip":true},"57":{"start":{"line":259,"column":12},"end":{"line":269,"column":14},"skip":true},"58":{"start":{"line":271,"column":12},"end":{"line":285,"column":19},"skip":true},"59":{"start":{"line":274,"column":20},"end":{"line":274,"column":35},"skip":true},"60":{"start":{"line":275,"column":20},"end":{"line":284,"column":21},"skip":true},"61":{"start":{"line":277,"column":24},"end":{"line":277,"column":64},"skip":true},"62":{"start":{"line":279,"column":24},"end":{"line":279,"column":40},"skip":true},"63":{"start":{"line":281,"column":24},"end":{"line":281,"column":40},"skip":true},"64":{"start":{"line":283,"column":24},"end":{"line":283,"column":39},"skip":true},"65":{"start":{"line":288,"column":8},"end":{"line":290,"column":9},"skip":true},"66":{"start":{"line":289,"column":12},"end":{"line":289,"column":18},"skip":true},"67":{"start":{"line":291,"column":8},"end":{"line":293,"column":54},"skip":true},"68":{"start":{"line":294,"column":8},"end":{"line":301,"column":37},"skip":true},"69":{"start":{"line":302,"column":8},"end":{"line":302,"column":82},"skip":true},"70":{"start":{"line":305,"column":8},"end":{"line":307,"column":9},"skip":true},"71":{"start":{"line":306,"column":12},"end":{"line":306,"column":82},"skip":true},"72":{"start":{"line":309,"column":8},"end":{"line":311,"column":9},"skip":true},"73":{"start":{"line":310,"column":12},"end":{"line":310,"column":18},"skip":true},"74":{"start":{"line":312,"column":8},"end":{"line":312,"column":54},"skip":true},"75":{"start":{"line":313,"column":8},"end":{"line":313,"column":69},"skip":true},"76":{"start":{"line":314,"column":8},"end":{"line":322,"column":36},"skip":true},"77":{"start":{"line":315,"column":12},"end":{"line":315,"column":61},"skip":true},"78":{"start":{"line":316,"column":12},"end":{"line":319,"column":13},"skip":true},"79":{"start":{"line":317,"column":16},"end":{"line":317,"column":75},"skip":true},"80":{"start":{"line":318,"column":16},"end":{"line":318,"column":23},"skip":true},"81":{"start":{"line":320,"column":12},"end":{"line":320,"column":38},"skip":true},"82":{"start":{"line":321,"column":12},"end":{"line":321,"column":27},"skip":true},"83":{"start":{"line":323,"column":8},"end":{"line":323,"column":14},"skip":true}},"branchMap":{"1":{"line":39,"type":"binary-expr","locations":[{"start":{"line":39,"column":23},"end":{"line":39,"column":62}},{"start":{"line":40,"column":20},"end":{"line":40,"column":70}},{"start":{"line":41,"column":20},"end":{"line":41,"column":71}},{"start":{"line":42,"column":20},"end":{"line":42,"column":29}}]},"2":{"line":44,"type":"binary-expr","locations":[{"start":{"line":44,"column":23},"end":{"line":44,"column":37}},{"start":{"line":45,"column":20},"end":{"line":45,"column":61}},{"start":{"line":46,"column":20},"end":{"line":46,"column":70}},{"start":{"line":47,"column":20},"end":{"line":47,"column":26}}]},"3":{"line":51,"type":"cond-expr","locations":[{"start":{"line":52,"column":14},"end":{"line":52,"column":20}},{"start":{"line":53,"column":14},"end":{"line":53,"column":20}}]},"4":{"line":55,"type":"binary-expr","locations":[{"start":{"line":55,"column":16},"end":{"line":55,"column":44}},{"start":{"line":55,"column":49},"end":{"line":57,"column":43}}]},"5":{"line":55,"type":"cond-expr","locations":[{"start":{"line":56,"column":14},"end":{"line":56,"column":47}},{"start":{"line":57,"column":14},"end":{"line":57,"column":43}}]},"6":{"line":61,"type":"switch","locations":[{"start":{"line":68,"column":4},"end":{"line":150,"column":14},"skip":true},{"start":{"line":156,"column":4},"end":{"line":323,"column":14},"skip":true}]},"7":{"line":70,"type":"if","locations":[{"start":{"line":70,"column":12},"end":{"line":70,"column":12},"skip":true},{"start":{"line":70,"column":12},"end":{"line":70,"column":12},"skip":true}]},"8":{"line":70,"type":"binary-expr","locations":[{"start":{"line":70,"column":16},"end":{"line":70,"column":22},"skip":true},{"start":{"line":70,"column":27},"end":{"line":70,"column":32},"skip":true},{"start":{"line":71,"column":20},"end":{"line":71,"column":39},"skip":true},{"start":{"line":72,"column":20},"end":{"line":72,"column":49},"skip":true},{"start":{"line":73,"column":20},"end":{"line":73,"column":58},"skip":true},{"start":{"line":74,"column":20},"end":{"line":74,"column":69},"skip":true}]},"9":{"line":79,"type":"switch","locations":[{"start":{"line":80,"column":20},"end":{"line":80,"column":33},"skip":true},{"start":{"line":81,"column":20},"end":{"line":83,"column":30},"skip":true},{"start":{"line":84,"column":20},"end":{"line":85,"column":49},"skip":true}]},"10":{"line":89,"type":"switch","locations":[{"start":{"line":90,"column":12},"end":{"line":103,"column":22},"skip":true},{"start":{"line":105,"column":12},"end":{"line":106,"column":22},"skip":true}]},"11":{"line":89,"type":"binary-expr","locations":[{"start":{"line":89,"column":20},"end":{"line":89,"column":25},"skip":true},{"start":{"line":89,"column":29},"end":{"line":89,"column":48},"skip":true},{"start":{"line":89,"column":52},"end":{"line":89,"column":74},"skip":true}]},"12":{"line":92,"type":"if","locations":[{"start":{"line":92,"column":16},"end":{"line":92,"column":16},"skip":true},{"start":{"line":92,"column":16},"end":{"line":92,"column":16},"skip":true}]},"13":{"line":108,"type":"if","locations":[{"start":{"line":108,"column":12},"end":{"line":108,"column":12},"skip":true},{"start":{"line":108,"column":12},"end":{"line":108,"column":12},"skip":true}]},"14":{"line":108,"type":"binary-expr","locations":[{"start":{"line":108,"column":16},"end":{"line":108,"column":61},"skip":true},{"start":{"line":108,"column":66},"end":{"line":108,"column":72},"skip":true},{"start":{"line":108,"column":77},"end":{"line":108,"column":82},"skip":true},{"start":{"line":109,"column":20},"end":{"line":109,"column":39},"skip":true},{"start":{"line":110,"column":20},"end":{"line":110,"column":49},"skip":true},{"start":{"line":111,"column":20},"end":{"line":111,"column":58},"skip":true},{"start":{"line":112,"column":20},"end":{"line":112,"column":68},"skip":true}]},"15":{"line":129,"type":"if","locations":[{"start":{"line":129,"column":16},"end":{"line":129,"column":16},"skip":true},{"start":{"line":129,"column":16},"end":{"line":129,"column":16},"skip":true}]},"16":{"line":134,"type":"cond-expr","locations":[{"start":{"line":135,"column":26},"end":{"line":135,"column":29},"skip":true},{"start":{"line":136,"column":26},"end":{"line":136,"column":54},"skip":true}]},"17":{"line":164,"type":"binary-expr","locations":[{"start":{"line":164,"column":27},"end":{"line":164,"column":43},"skip":true},{"start":{"line":164,"column":47},"end":{"line":164,"column":49},"skip":true}]},"18":{"line":258,"type":"if","locations":[{"start":{"line":258,"column":8},"end":{"line":258,"column":8},"skip":true},{"start":{"line":258,"column":8},"end":{"line":258,"column":8},"skip":true}]},"19":{"line":275,"type":"switch","locations":[{"start":{"line":276,"column":20},"end":{"line":277,"column":64},"skip":true},{"start":{"line":278,"column":20},"end":{"line":279,"column":40},"skip":true},{"start":{"line":280,"column":20},"end":{"line":281,"column":40},"skip":true},{"start":{"line":282,"column":20},"end":{"line":283,"column":39},"skip":true}]},"20":{"line":288,"type":"if","locations":[{"start":{"line":288,"column":8},"end":{"line":288,"column":8},"skip":true},{"start":{"line":288,"column":8},"end":{"line":288,"column":8},"skip":true}]},"21":{"line":288,"type":"binary-expr","locations":[{"start":{"line":288,"column":12},"end":{"line":288,"column":40},"skip":true},{"start":{"line":288,"column":44},"end":{"line":288,"column":67},"skip":true}]},"22":{"line":292,"type":"binary-expr","locations":[{"start":{"line":292,"column":12},"end":{"line":292,"column":50},"skip":true},{"start":{"line":293,"column":12},"end":{"line":293,"column":53},"skip":true}]},"23":{"line":295,"type":"binary-expr","locations":[{"start":{"line":295,"column":12},"end":{"line":295,"column":61},"skip":true},{"start":{"line":296,"column":12},"end":{"line":301,"column":36},"skip":true}]},"24":{"line":302,"type":"binary-expr","locations":[{"start":{"line":302,"column":43},"end":{"line":302,"column":75},"skip":true},{"start":{"line":302,"column":79},"end":{"line":302,"column":81},"skip":true}]},"25":{"line":305,"type":"if","locations":[{"start":{"line":305,"column":8},"end":{"line":305,"column":8},"skip":true},{"start":{"line":305,"column":8},"end":{"line":305,"column":8},"skip":true}]},"26":{"line":309,"type":"if","locations":[{"start":{"line":309,"column":8},"end":{"line":309,"column":8},"skip":true},{"start":{"line":309,"column":8},"end":{"line":309,"column":8},"skip":true}]},"27":{"line":312,"type":"binary-expr","locations":[{"start":{"line":312,"column":27},"end":{"line":312,"column":43},"skip":true},{"start":{"line":312,"column":47},"end":{"line":312,"column":53},"skip":true}]},"28":{"line":316,"type":"if","locations":[{"start":{"line":316,"column":12},"end":{"line":316,"column":12},"skip":true},{"start":{"line":316,"column":12},"end":{"line":316,"column":12},"skip":true}]}},"code":["/*","example.js","","quickstart example","","instruction","    1. save this script as example.js","    2. run the shell command:","        $ npm install npmtest-nar && PORT=8081 node example.js","    3. play with the browser-demo on http://127.0.0.1:8081","*/","","","","/* istanbul instrument in package npmtest_nar */","/*jslint","    bitwise: true,","    browser: true,","    maxerr: 8,","    maxlen: 96,","    node: true,","    nomen: true,","    regexp: true,","    stupid: true","*/","(function () {","    'use strict';","    var local;","","","","    // run shared js-env code - pre-init","    (function () {","        // init local","        local = {};","        // init modeJs","        local.modeJs = (function () {","            try {","                return typeof navigator.userAgent === 'string' &&","                    typeof document.querySelector('body') === 'object' &&","                    typeof XMLHttpRequest.prototype.open === 'function' &&","                    'browser';","            } catch (errorCaughtBrowser) {","                return module.exports &&","                    typeof process.versions.node === 'string' &&","                    typeof require('http').createServer === 'function' &&","                    'node';","            }","        }());","        // init global","        local.global = local.modeJs === 'browser'","            ? window","            : global;","        // init utility2_rollup","        local = local.global.utility2_rollup || (local.modeJs === 'browser'","            ? local.global.utility2_npmtest_nar","            : global.utility2_moduleExports);","        // export local","        local.global.local = local;","    }());","    switch (local.modeJs) {","","","","    // post-init","    // run browser js-env code - post-init","    /* istanbul ignore next */","    case 'browser':","        local.testRunBrowser = function (event) {","            if (!event || (event &&","                    event.currentTarget &&","                    event.currentTarget.className &&","                    event.currentTarget.className.includes &&","                    event.currentTarget.className.includes('onreset'))) {","                // reset output","                Array.from(","                    document.querySelectorAll('body > .resettable')","                ).forEach(function (element) {","                    switch (element.tagName) {","                    case 'INPUT':","                    case 'TEXTAREA':","                        element.value = '';","                        break;","                    default:","                        element.textContent = '';","                    }","                });","            }","            switch (event && event.currentTarget && event.currentTarget.id) {","            case 'testRunButton1':","                // show tests","                if (document.querySelector('#testReportDiv1').style.display === 'none') {","                    document.querySelector('#testReportDiv1').style.display = 'block';","                    document.querySelector('#testRunButton1').textContent =","                        'hide internal test';","                    local.modeTest = true;","                    local.testRunDefault(local);","                // hide tests","                } else {","                    document.querySelector('#testReportDiv1').style.display = 'none';","                    document.querySelector('#testRunButton1').textContent = 'run internal test';","                }","                break;","            // custom-case","            default:","                break;","            }","            if (document.querySelector('#inputTextareaEval1') && (!event || (event &&","                    event.currentTarget &&","                    event.currentTarget.className &&","                    event.currentTarget.className.includes &&","                    event.currentTarget.className.includes('oneval')))) {","                // try to eval input-code","                try {","                    /*jslint evil: true*/","                    eval(document.querySelector('#inputTextareaEval1').value);","                } catch (errorCaught) {","                    console.error(errorCaught);","                }","            }","        };","        // log stderr and stdout to #outputTextareaStdout1","        ['error', 'log'].forEach(function (key) {","            console[key + '_original'] = console[key];","            console[key] = function () {","                var element;","                console[key + '_original'].apply(console, arguments);","                element = document.querySelector('#outputTextareaStdout1');","                if (!element) {","                    return;","                }","                // append text to #outputTextareaStdout1","                element.value += Array.from(arguments).map(function (arg) {","                    return typeof arg === 'string'","                        ? arg","                        : JSON.stringify(arg, null, 4);","                }).join(' ') + '\\n';","                // scroll textarea to bottom","                element.scrollTop = element.scrollHeight;","            };","        });","        // init event-handling","        ['change', 'click', 'keyup'].forEach(function (event) {","            Array.from(document.querySelectorAll('.on' + event)).forEach(function (element) {","                element.addEventListener(event, local.testRunBrowser);","            });","        });","        // run tests","        local.testRunBrowser();","        break;","","","","    // run node js-env code - post-init","    /* istanbul ignore next */","    case 'node':","        // export local","        module.exports = local;","        // require modules","        local.fs = require('fs');","        local.http = require('http');","        local.url = require('url');","        // init assets","        local.assetsDict = local.assetsDict || {};","        /* jslint-ignore-begin */","        local.assetsDict['/assets.index.template.html'] = '\\","<!doctype html>\\n\\","<html lang=\"en\">\\n\\","<head>\\n\\","<meta charset=\"UTF-8\">\\n\\","<meta name=\"viewport\" content=\"width=device-width, initial-scale=1\">\\n\\","<title>{{env.npm_package_name}} (v{{env.npm_package_version}})</title>\\n\\","<style>\\n\\","/*csslint\\n\\","    box-sizing: false,\\n\\","    universal-selector: false\\n\\","*/\\n\\","* {\\n\\","    box-sizing: border-box;\\n\\","}\\n\\","body {\\n\\","    background: #dde;\\n\\","    font-family: Arial, Helvetica, sans-serif;\\n\\","    margin: 2rem;\\n\\","}\\n\\","body > * {\\n\\","    margin-bottom: 1rem;\\n\\","}\\n\\",".utility2FooterDiv {\\n\\","    margin-top: 20px;\\n\\","    text-align: center;\\n\\","}\\n\\","</style>\\n\\","<style>\\n\\","/*csslint\\n\\","*/\\n\\","textarea {\\n\\","    font-family: monospace;\\n\\","    height: 10rem;\\n\\","    width: 100%;\\n\\","}\\n\\","textarea[readonly] {\\n\\","    background: #ddd;\\n\\","}\\n\\","</style>\\n\\","</head>\\n\\","<body>\\n\\","<!-- utility2-comment\\n\\","<div id=\"ajaxProgressDiv1\" style=\"background: #d00; height: 2px; left: 0; margin: 0; padding: 0; position: fixed; top: 0; transition: background 0.5s, width 1.5s; width: 25%;\"></div>\\n\\","utility2-comment -->\\n\\","<h1>\\n\\","<!-- utility2-comment\\n\\","    <a\\n\\","        {{#if env.npm_package_homepage}}\\n\\","        href=\"{{env.npm_package_homepage}}\"\\n\\","        {{/if env.npm_package_homepage}}\\n\\","        target=\"_blank\"\\n\\","    >\\n\\","utility2-comment -->\\n\\","        {{env.npm_package_name}} (v{{env.npm_package_version}})\\n\\","<!-- utility2-comment\\n\\","    </a>\\n\\","utility2-comment -->\\n\\","</h1>\\n\\","<h3>{{env.npm_package_description}}</h3>\\n\\","<!-- utility2-comment\\n\\","<h4><a download href=\"assets.app.js\">download standalone app</a></h4>\\n\\","<button class=\"onclick onreset\" id=\"testRunButton1\">run internal test</button><br>\\n\\","<div id=\"testReportDiv1\" style=\"display: none;\"></div>\\n\\","utility2-comment -->\\n\\","\\n\\","\\n\\","\\n\\","<label>stderr and stdout</label>\\n\\","<textarea class=\"resettable\" id=\"outputTextareaStdout1\" readonly></textarea>\\n\\","<!-- utility2-comment\\n\\","{{#if isRollup}}\\n\\","<script src=\"assets.app.js\"></script>\\n\\","{{#unless isRollup}}\\n\\","utility2-comment -->\\n\\","<script src=\"assets.utility2.rollup.js\"></script>\\n\\","<script src=\"jsonp.utility2._stateInit?callback=window.utility2._stateInit\"></script>\\n\\","<script src=\"assets.npmtest_nar.rollup.js\"></script>\\n\\","<script src=\"assets.example.js\"></script>\\n\\","<script src=\"assets.test.js\"></script>\\n\\","<!-- utility2-comment\\n\\","{{/if isRollup}}\\n\\","utility2-comment -->\\n\\","<div class=\"utility2FooterDiv\">\\n\\","    [ this app was created with\\n\\","    <a href=\"https://github.com/kaizhu256/node-utility2\" target=\"_blank\">utility2</a>\\n\\","    ]\\n\\","</div>\\n\\","</body>\\n\\","</html>\\n\\","';","        /* jslint-ignore-end */","        if (local.templateRender) {","            local.assetsDict['/'] = local.templateRender(","                local.assetsDict['/assets.index.template.html'],","                {","                    env: local.objectSetDefault(local.env, {","                        npm_package_description: 'the greatest app in the world!',","                        npm_package_name: 'my-app',","                        npm_package_nameAlias: 'my_app',","                        npm_package_version: '0.0.1'","                    })","                }","            );","        } else {","            local.assetsDict['/'] = local.assetsDict['/assets.index.template.html']","                .replace((/\\{\\{env\\.(\\w+?)\\}\\}/g), function (match0, match1) {","                    // jslint-hack","                    String(match0);","                    switch (match1) {","                    case 'npm_package_description':","                        return 'the greatest app in the world!';","                    case 'npm_package_name':","                        return 'my-app';","                    case 'npm_package_nameAlias':","                        return 'my_app';","                    case 'npm_package_version':","                        return '0.0.1';","                    }","                });","        }","        // run the cli","        if (local.global.utility2_rollup || module !== require.main) {","            break;","        }","        local.assetsDict['/assets.example.js'] =","            local.assetsDict['/assets.example.js'] ||","            local.fs.readFileSync(__filename, 'utf8');","        local.assetsDict['/assets.npmtest_nar.rollup.js'] =","            local.assetsDict['/assets.npmtest_nar.rollup.js'] ||","            local.fs.readFileSync(","                // buildCustomOrg-hack","                local.npmtest_nar.__dirname +","                    '/lib.npmtest_nar.js',","                'utf8'","            ).replace((/^#!/), '//');","        local.assetsDict['/favicon.ico'] = local.assetsDict['/favicon.ico'] || '';","        // if $npm_config_timeout_exit exists,","        // then exit this process after $npm_config_timeout_exit ms","        if (Number(process.env.npm_config_timeout_exit)) {","            setTimeout(process.exit, Number(process.env.npm_config_timeout_exit));","        }","        // start server","        if (local.global.utility2_serverHttp1) {","            break;","        }","        process.env.PORT = process.env.PORT || '8081';","        console.error('server starting on port ' + process.env.PORT);","        local.http.createServer(function (request, response) {","            request.urlParsed = local.url.parse(request.url);","            if (local.assetsDict[request.urlParsed.pathname] !== undefined) {","                response.end(local.assetsDict[request.urlParsed.pathname]);","                return;","            }","            response.statusCode = 404;","            response.end();","        }).listen(process.env.PORT);","        break;","    }","}());",""],"l":{"26":2,"28":2,"33":2,"35":2,"37":2,"38":2,"39":2,"44":1,"51":2,"55":2,"59":2,"61":2,"69":1,"70":2,"76":2,"79":2,"82":2,"83":2,"85":1,"89":2,"92":1,"93":1,"94":1,"96":1,"97":1,"100":1,"101":1,"103":1,"106":1,"108":2,"114":1,"116":1,"118":1,"123":1,"124":2,"125":2,"126":2,"127":2,"128":2,"129":2,"130":1,"133":2,"134":2,"139":2,"143":1,"144":3,"145":1,"149":1,"150":1,"158":1,"160":1,"161":1,"162":1,"164":1,"166":1,"258":1,"259":1,"271":1,"274":6,"275":6,"277":1,"279":2,"281":1,"283":2,"288":1,"289":1,"291":1,"294":1,"302":1,"305":1,"306":1,"309":1,"310":1,"312":1,"313":1,"314":1,"315":1,"316":1,"317":1,"318":1,"320":1,"321":1,"323":1}},"/home/travis/build/npmtest/node-npmtest-nar/node_modules/nar/lib/nar.js":{"path":"/home/travis/build/npmtest/node-npmtest-nar/node_modules/nar/lib/nar.js","s":{"1":1,"2":1,"3":1,"4":1,"5":1,"6":1,"7":1,"8":1,"9":1,"10":1},"b":{},"f":{},"fnMap":{},"statementMap":{"1":{"start":{"line":2,"column":0},"end":{"line":2,"column":80}},"2":{"start":{"line":3,"column":0},"end":{"line":3,"column":23}},"3":{"start":{"line":4,"column":0},"end":{"line":4,"column":25}},"4":{"start":{"line":5,"column":0},"end":{"line":5,"column":29}},"5":{"start":{"line":6,"column":0},"end":{"line":6,"column":31}},"6":{"start":{"line":7,"column":0},"end":{"line":7,"column":31}},"7":{"start":{"line":8,"column":0},"end":{"line":8,"column":33}},"8":{"start":{"line":9,"column":0},"end":{"line":9,"column":38}},"9":{"start":{"line":10,"column":0},"end":{"line":10,"column":45}},"10":{"start":{"line":11,"column":0},"end":{"line":21,"column":2}}},"branchMap":{},"code":["// Generated by LiveScript 1.3.1","var run, list, create, extract, install, download, createExec, version, exports;","run = require('./run');","list = require('./list');","create = require('./create');","extract = require('./extract');","install = require('./install');","download = require('./download');","createExec = require('./create-exec');","version = require('../package.json').version;","exports = module.exports = {","  VERSION: version,","  create: create,","  createExec: createExec,","  extract: extract,","  run: run,","  list: list,","  install: install,","  download: download,","  get: download","};",""],"l":{"2":1,"3":1,"4":1,"5":1,"6":1,"7":1,"8":1,"9":1,"10":1,"11":1}},"/home/travis/build/npmtest/node-npmtest-nar/node_modules/nar/lib/run.js":{"path":"/home/travis/build/npmtest/node-npmtest-nar/node_modules/nar/lib/run.js","s":{"1":1,"2":1,"3":1,"4":1,"5":1,"6":1,"7":1,"8":1,"9":1,"10":1,"11":1,"12":1,"13":1,"14":0,"15":0,"16":0,"17":0,"18":0,"19":0,"20":0,"21":0,"22":0,"23":0,"24":0,"25":0,"26":0,"27":0,"28":0,"29":0,"30":0,"31":0,"32":0,"33":0,"34":0,"35":0,"36":0,"37":0,"38":0,"39":0,"40":0,"41":0,"42":0,"43":0,"44":0,"45":0,"46":0,"47":0,"48":0,"49":0,"50":0,"51":0,"52":0,"53":0,"54":0,"55":0,"56":0,"57":0,"58":0,"59":0,"60":0,"61":0,"62":0,"63":0,"64":0,"65":0,"66":0,"67":0,"68":0,"69":0,"70":0,"71":0,"72":0,"73":0,"74":0,"75":0,"76":0,"77":0,"78":0,"79":0,"80":0,"81":0,"82":0,"83":0,"84":0,"85":0,"86":0,"87":0,"88":0,"89":0,"90":0,"91":0,"92":1,"93":0,"94":1,"95":0,"96":1,"97":0,"98":0,"99":0,"100":0,"101":0,"102":0,"103":0,"104":1,"105":0,"106":0,"107":1,"108":0,"109":0,"110":0,"111":0,"112":0,"113":1,"114":0,"115":0,"116":0,"117":1,"118":0,"119":0,"120":0,"121":1,"122":0,"123":0,"124":0,"125":0,"126":0,"127":0,"128":0,"129":0,"130":0,"131":0,"132":0,"133":0,"134":0,"135":0,"136":0,"137":0,"138":0,"139":0,"140":0,"141":0,"142":1,"143":0,"144":0,"145":0,"146":0,"147":0,"148":0,"149":0,"150":1,"151":0,"152":0,"153":0,"154":1,"155":0,"156":1,"157":0,"158":1,"159":0,"160":0,"161":0,"162":0,"163":0,"164":1,"165":0},"b":{"1":[0,0],"2":[0,0],"3":[0,0],"4":[0,0],"5":[0,0,0],"6":[0,0],"7":[0,0],"8":[0,0],"9":[0,0],"10":[0,0],"11":[0,0,0],"12":[0,0],"13":[0,0],"14":[0,0],"15":[0,0],"16":[0,0],"17":[0,0],"18":[0,0],"19":[0,0],"20":[0,0],"21":[0,0],"22":[0,0],"23":[0,0],"24":[0,0],"25":[0,0],"26":[0,0],"27":[0,0],"28":[0,0,0,0],"29":[0,0],"30":[0,0],"31":[0,0],"32":[0,0],"33":[0,0],"34":[0,0],"35":[0,0],"36":[0,0],"37":[0,0],"38":[0,0],"39":[0,0]},"f":{"1":0,"2":0,"3":0,"4":0,"5":0,"6":0,"7":0,"8":0,"9":0,"10":0,"11":0,"12":0,"13":0,"14":0,"15":0,"16":0,"17":0,"18":0,"19":0,"20":0,"21":0,"22":0,"23":0,"24":0,"25":0,"26":0,"27":0,"28":0,"29":0,"30":0,"31":0,"32":0,"33":0,"34":0,"35":0,"36":0,"37":0,"38":0,"39":0,"40":0,"41":0,"42":0},"fnMap":{"1":{"name":"(anonymous_1)","line":14,"loc":{"start":{"line":14,"column":23},"end":{"line":14,"column":40}}},"2":{"name":"(anonymous_2)","line":19,"loc":{"start":{"line":19,"column":13},"end":{"line":19,"column":23}}},"3":{"name":"(anonymous_3)","line":26,"loc":{"start":{"line":26,"column":12},"end":{"line":26,"column":36}}},"4":{"name":"(anonymous_4)","line":30,"loc":{"start":{"line":30,"column":12},"end":{"line":30,"column":27}}},"5":{"name":"(anonymous_5)","line":35,"loc":{"start":{"line":35,"column":14},"end":{"line":35,"column":31}}},"6":{"name":"(anonymous_6)","line":40,"loc":{"start":{"line":40,"column":15},"end":{"line":40,"column":31}}},"7":{"name":"(anonymous_7)","line":43,"loc":{"start":{"line":43,"column":18},"end":{"line":43,"column":30}}},"8":{"name":"(anonymous_8)","line":46,"loc":{"start":{"line":46,"column":10},"end":{"line":46,"column":32}}},"9":{"name":"(anonymous_9)","line":50,"loc":{"start":{"line":50,"column":15},"end":{"line":50,"column":25}}},"10":{"name":"(anonymous_10)","line":54,"loc":{"start":{"line":54,"column":12},"end":{"line":54,"column":25}}},"11":{"name":"(anonymous_11)","line":57,"loc":{"start":{"line":57,"column":16},"end":{"line":57,"column":35}}},"12":{"name":"(anonymous_12)","line":68,"loc":{"start":{"line":68,"column":25},"end":{"line":68,"column":35}}},"13":{"name":"(anonymous_13)","line":85,"loc":{"start":{"line":85,"column":14},"end":{"line":85,"column":31}}},"14":{"name":"(anonymous_14)","line":101,"loc":{"start":{"line":101,"column":10},"end":{"line":101,"column":23}}},"15":{"name":"(anonymous_15)","line":109,"loc":{"start":{"line":109,"column":19},"end":{"line":109,"column":29}}},"16":{"name":"(anonymous_16)","line":115,"loc":{"start":{"line":115,"column":20},"end":{"line":115,"column":30}}},"17":{"name":"(anonymous_17)","line":118,"loc":{"start":{"line":118,"column":98},"end":{"line":118,"column":110}}},"18":{"name":"(anonymous_18)","line":125,"loc":{"start":{"line":125,"column":14},"end":{"line":125,"column":24}}},"19":{"name":"(anonymous_19)","line":126,"loc":{"start":{"line":126,"column":16},"end":{"line":126,"column":26}}},"20":{"name":"(anonymous_20)","line":150,"loc":{"start":{"line":150,"column":8},"end":{"line":150,"column":25}}},"21":{"name":"(anonymous_21)","line":164,"loc":{"start":{"line":164,"column":14},"end":{"line":164,"column":28}}},"22":{"name":"(anonymous_22)","line":168,"loc":{"start":{"line":168,"column":11},"end":{"line":168,"column":30}}},"23":{"name":"(anonymous_23)","line":178,"loc":{"start":{"line":178,"column":26},"end":{"line":178,"column":54}}},"24":{"name":"(anonymous_24)","line":183,"loc":{"start":{"line":183,"column":17},"end":{"line":183,"column":32}}},"25":{"name":"(anonymous_25)","line":184,"loc":{"start":{"line":184,"column":9},"end":{"line":184,"column":23}}},"26":{"name":"(anonymous_26)","line":186,"loc":{"start":{"line":186,"column":28},"end":{"line":186,"column":40}}},"27":{"name":"(anonymous_27)","line":188,"loc":{"start":{"line":188,"column":14},"end":{"line":188,"column":26}}},"28":{"name":"(anonymous_28)","line":193,"loc":{"start":{"line":193,"column":11},"end":{"line":193,"column":32}}},"29":{"name":"(anonymous_29)","line":194,"loc":{"start":{"line":194,"column":9},"end":{"line":194,"column":21}}},"30":{"name":"(anonymous_30)","line":200,"loc":{"start":{"line":200,"column":16},"end":{"line":200,"column":29}}},"31":{"name":"(anonymous_31)","line":205,"loc":{"start":{"line":205,"column":7},"end":{"line":205,"column":44}}},"32":{"name":"(anonymous_32)","line":206,"loc":{"start":{"line":206,"column":9},"end":{"line":206,"column":23}}},"33":{"name":"(anonymous_33)","line":222,"loc":{"start":{"line":222,"column":28},"end":{"line":222,"column":40}}},"34":{"name":"(anonymous_34)","line":225,"loc":{"start":{"line":225,"column":28},"end":{"line":225,"column":40}}},"35":{"name":"(anonymous_35)","line":228,"loc":{"start":{"line":228,"column":23},"end":{"line":228,"column":35}}},"36":{"name":"(anonymous_36)","line":231,"loc":{"start":{"line":231,"column":28},"end":{"line":231,"column":42}}},"37":{"name":"(anonymous_37)","line":241,"loc":{"start":{"line":241,"column":19},"end":{"line":241,"column":32}}},"38":{"name":"(anonymous_38)","line":252,"loc":{"start":{"line":252,"column":15},"end":{"line":252,"column":28}}},"39":{"name":"(anonymous_39)","line":262,"loc":{"start":{"line":262,"column":13},"end":{"line":262,"column":28}}},"40":{"name":"(anonymous_40)","line":265,"loc":{"start":{"line":265,"column":14},"end":{"line":265,"column":26}}},"41":{"name":"(anonymous_41)","line":268,"loc":{"start":{"line":268,"column":17},"end":{"line":268,"column":41}}},"42":{"name":"(anonymous_42)","line":275,"loc":{"start":{"line":275,"column":13},"end":{"line":275,"column":27}}}},"statementMap":{"1":{"start":{"line":2,"column":0},"end":{"line":2,"column":399}},"2":{"start":{"line":3,"column":0},"end":{"line":3,"column":19}},"3":{"start":{"line":4,"column":0},"end":{"line":4,"column":27}},"4":{"start":{"line":5,"column":0},"end":{"line":5,"column":31}},"5":{"start":{"line":6,"column":0},"end":{"line":6,"column":33}},"6":{"start":{"line":7,"column":0},"end":{"line":7,"column":28}},"7":{"start":{"line":8,"column":0},"end":{"line":8,"column":39}},"8":{"start":{"line":9,"column":0},"end":{"line":9,"column":46}},"9":{"start":{"line":10,"column":0},"end":{"line":10,"column":258}},"10":{"start":{"line":11,"column":0},"end":{"line":11,"column":54}},"11":{"start":{"line":12,"column":0},"end":{"line":12,"column":35}},"12":{"start":{"line":13,"column":0},"end":{"line":13,"column":21}},"13":{"start":{"line":14,"column":0},"end":{"line":149,"column":2}},"14":{"start":{"line":15,"column":2},"end":{"line":15,"column":204}},"15":{"start":{"line":16,"column":2},"end":{"line":17,"column":105}},"16":{"start":{"line":18,"column":2},"end":{"line":18,"column":29}},"17":{"start":{"line":19,"column":2},"end":{"line":25,"column":4}},"18":{"start":{"line":20,"column":4},"end":{"line":24,"column":19}},"19":{"start":{"line":21,"column":6},"end":{"line":23,"column":7}},"20":{"start":{"line":22,"column":8},"end":{"line":22,"column":24}},"21":{"start":{"line":26,"column":2},"end":{"line":29,"column":4}},"22":{"start":{"line":27,"column":4},"end":{"line":27,"column":15}},"23":{"start":{"line":28,"column":4},"end":{"line":28,"column":49}},"24":{"start":{"line":30,"column":2},"end":{"line":34,"column":4}},"25":{"start":{"line":31,"column":4},"end":{"line":33,"column":5}},"26":{"start":{"line":32,"column":6},"end":{"line":32,"column":42}},"27":{"start":{"line":35,"column":2},"end":{"line":39,"column":4}},"28":{"start":{"line":36,"column":4},"end":{"line":38,"column":5}},"29":{"start":{"line":37,"column":6},"end":{"line":37,"column":46}},"30":{"start":{"line":40,"column":2},"end":{"line":42,"column":4}},"31":{"start":{"line":41,"column":4},"end":{"line":41,"column":44}},"32":{"start":{"line":43,"column":2},"end":{"line":45,"column":4}},"33":{"start":{"line":44,"column":4},"end":{"line":44,"column":43}},"34":{"start":{"line":46,"column":2},"end":{"line":49,"column":4}},"35":{"start":{"line":47,"column":4},"end":{"line":47,"column":15}},"36":{"start":{"line":48,"column":4},"end":{"line":48,"column":45}},"37":{"start":{"line":50,"column":2},"end":{"line":53,"column":4}},"38":{"start":{"line":51,"column":4},"end":{"line":52,"column":16}},"39":{"start":{"line":54,"column":2},"end":{"line":84,"column":4}},"40":{"start":{"line":55,"column":4},"end":{"line":55,"column":86}},"41":{"start":{"line":56,"column":4},"end":{"line":56,"column":13}},"42":{"start":{"line":57,"column":4},"end":{"line":67,"column":6}},"43":{"start":{"line":58,"column":6},"end":{"line":64,"column":7}},"44":{"start":{"line":59,"column":8},"end":{"line":63,"column":24}},"45":{"start":{"line":65,"column":6},"end":{"line":66,"column":38}},"46":{"start":{"line":68,"column":4},"end":{"line":73,"column":6}},"47":{"start":{"line":69,"column":6},"end":{"line":72,"column":7}},"48":{"start":{"line":70,"column":8},"end":{"line":71,"column":75}},"49":{"start":{"line":74,"column":4},"end":{"line":79,"column":5}},"50":{"start":{"line":74,"column":45},"end":{"line":79,"column":5}},"51":{"start":{"line":75,"column":6},"end":{"line":75,"column":23}},"52":{"start":{"line":76,"column":6},"end":{"line":78,"column":7}},"53":{"start":{"line":77,"column":8},"end":{"line":77,"column":29}},"54":{"start":{"line":80,"column":4},"end":{"line":82,"column":5}},"55":{"start":{"line":81,"column":6},"end":{"line":81,"column":27}},"56":{"start":{"line":83,"column":4},"end":{"line":83,"column":15}},"57":{"start":{"line":85,"column":2},"end":{"line":108,"column":4}},"58":{"start":{"line":86,"column":4},"end":{"line":86,"column":12}},"59":{"start":{"line":87,"column":4},"end":{"line":88,"column":10}},"60":{"start":{"line":89,"column":4},"end":{"line":89,"column":30}},"61":{"start":{"line":90,"column":4},"end":{"line":90,"column":39}},"62":{"start":{"line":91,"column":4},"end":{"line":99,"column":5}},"63":{"start":{"line":92,"column":6},"end":{"line":93,"column":12}},"64":{"start":{"line":94,"column":6},"end":{"line":98,"column":7}},"65":{"start":{"line":96,"column":8},"end":{"line":97,"column":63}},"66":{"start":{"line":100,"column":4},"end":{"line":107,"column":7}},"67":{"start":{"line":102,"column":6},"end":{"line":105,"column":7}},"68":{"start":{"line":103,"column":8},"end":{"line":104,"column":13}},"69":{"start":{"line":106,"column":6},"end":{"line":106,"column":33}},"70":{"start":{"line":109,"column":2},"end":{"line":114,"column":4}},"71":{"start":{"line":110,"column":4},"end":{"line":111,"column":15}},"72":{"start":{"line":112,"column":4},"end":{"line":113,"column":101}},"73":{"start":{"line":115,"column":2},"end":{"line":124,"column":4}},"74":{"start":{"line":116,"column":4},"end":{"line":116,"column":23}},"75":{"start":{"line":117,"column":4},"end":{"line":123,"column":7}},"76":{"start":{"line":119,"column":6},"end":{"line":119,"column":24}},"77":{"start":{"line":120,"column":6},"end":{"line":121,"column":10}},"78":{"start":{"line":122,"column":6},"end":{"line":122,"column":30}},"79":{"start":{"line":125,"column":2},"end":{"line":140,"column":4}},"80":{"start":{"line":126,"column":4},"end":{"line":139,"column":7}},"81":{"start":{"line":127,"column":6},"end":{"line":130,"column":7}},"82":{"start":{"line":128,"column":8},"end":{"line":129,"column":51}},"83":{"start":{"line":131,"column":6},"end":{"line":132,"column":16}},"84":{"start":{"line":133,"column":6},"end":{"line":138,"column":7}},"85":{"start":{"line":135,"column":8},"end":{"line":135,"column":33}},"86":{"start":{"line":137,"column":8},"end":{"line":137,"column":32}},"87":{"start":{"line":141,"column":2},"end":{"line":147,"column":3}},"88":{"start":{"line":142,"column":4},"end":{"line":142,"column":16}},"89":{"start":{"line":144,"column":4},"end":{"line":144,"column":11}},"90":{"start":{"line":145,"column":4},"end":{"line":146,"column":36}},"91":{"start":{"line":148,"column":2},"end":{"line":148,"column":17}},"92":{"start":{"line":150,"column":0},"end":{"line":163,"column":2}},"93":{"start":{"line":151,"column":2},"end":{"line":162,"column":4}},"94":{"start":{"line":164,"column":0},"end":{"line":167,"column":2}},"95":{"start":{"line":165,"column":2},"end":{"line":166,"column":27}},"96":{"start":{"line":168,"column":0},"end":{"line":177,"column":2}},"97":{"start":{"line":169,"column":2},"end":{"line":169,"column":21}},"98":{"start":{"line":170,"column":2},"end":{"line":170,"column":30}},"99":{"start":{"line":171,"column":2},"end":{"line":171,"column":13}},"100":{"start":{"line":172,"column":2},"end":{"line":172,"column":39}},"101":{"start":{"line":173,"column":2},"end":{"line":173,"column":40}},"102":{"start":{"line":174,"column":2},"end":{"line":175,"column":10}},"103":{"start":{"line":176,"column":2},"end":{"line":176,"column":15}},"104":{"start":{"line":178,"column":0},"end":{"line":182,"column":2}},"105":{"start":{"line":179,"column":2},"end":{"line":181,"column":3}},"106":{"start":{"line":180,"column":4},"end":{"line":180,"column":77}},"107":{"start":{"line":183,"column":0},"end":{"line":192,"column":2}},"108":{"start":{"line":184,"column":2},"end":{"line":191,"column":4}},"109":{"start":{"line":185,"column":4},"end":{"line":185,"column":32}},"110":{"start":{"line":186,"column":4},"end":{"line":190,"column":38}},"111":{"start":{"line":187,"column":6},"end":{"line":187,"column":27}},"112":{"start":{"line":189,"column":6},"end":{"line":189,"column":22}},"113":{"start":{"line":193,"column":0},"end":{"line":199,"column":2}},"114":{"start":{"line":194,"column":2},"end":{"line":198,"column":4}},"115":{"start":{"line":195,"column":4},"end":{"line":197,"column":5}},"116":{"start":{"line":196,"column":6},"end":{"line":196,"column":41}},"117":{"start":{"line":200,"column":0},"end":{"line":204,"column":2}},"118":{"start":{"line":201,"column":2},"end":{"line":201,"column":27}},"119":{"start":{"line":202,"column":2},"end":{"line":202,"column":62}},"120":{"start":{"line":203,"column":2},"end":{"line":203,"column":113}},"121":{"start":{"line":205,"column":0},"end":{"line":240,"column":2}},"122":{"start":{"line":206,"column":2},"end":{"line":239,"column":4}},"123":{"start":{"line":207,"column":4},"end":{"line":207,"column":39}},"124":{"start":{"line":208,"column":4},"end":{"line":210,"column":48}},"125":{"start":{"line":211,"column":4},"end":{"line":211,"column":71}},"126":{"start":{"line":212,"column":4},"end":{"line":214,"column":5}},"127":{"start":{"line":213,"column":6},"end":{"line":213,"column":36}},"128":{"start":{"line":215,"column":4},"end":{"line":217,"column":5}},"129":{"start":{"line":216,"column":6},"end":{"line":216,"column":76}},"130":{"start":{"line":218,"column":4},"end":{"line":221,"column":7}},"131":{"start":{"line":222,"column":4},"end":{"line":224,"column":7}},"132":{"start":{"line":223,"column":6},"end":{"line":223,"column":51}},"133":{"start":{"line":225,"column":4},"end":{"line":227,"column":7}},"134":{"start":{"line":226,"column":6},"end":{"line":226,"column":51}},"135":{"start":{"line":228,"column":4},"end":{"line":230,"column":8}},"136":{"start":{"line":229,"column":6},"end":{"line":229,"column":22}},"137":{"start":{"line":231,"column":4},"end":{"line":238,"column":7}},"138":{"start":{"line":232,"column":6},"end":{"line":237,"column":7}},"139":{"start":{"line":233,"column":8},"end":{"line":233,"column":87}},"140":{"start":{"line":235,"column":8},"end":{"line":235,"column":41}},"141":{"start":{"line":236,"column":8},"end":{"line":236,"column":22}},"142":{"start":{"line":241,"column":0},"end":{"line":251,"column":2}},"143":{"start":{"line":242,"column":2},"end":{"line":242,"column":13}},"144":{"start":{"line":243,"column":2},"end":{"line":249,"column":3}},"145":{"start":{"line":244,"column":4},"end":{"line":244,"column":75}},"146":{"start":{"line":245,"column":4},"end":{"line":247,"column":5}},"147":{"start":{"line":246,"column":6},"end":{"line":246,"column":45}},"148":{"start":{"line":248,"column":4},"end":{"line":248,"column":52}},"149":{"start":{"line":250,"column":2},"end":{"line":250,"column":13}},"150":{"start":{"line":252,"column":0},"end":{"line":261,"column":2}},"151":{"start":{"line":253,"column":2},"end":{"line":253,"column":17}},"152":{"start":{"line":254,"column":2},"end":{"line":256,"column":63}},"153":{"start":{"line":257,"column":2},"end":{"line":260,"column":4}},"154":{"start":{"line":262,"column":0},"end":{"line":264,"column":2}},"155":{"start":{"line":263,"column":2},"end":{"line":263,"column":62}},"156":{"start":{"line":265,"column":0},"end":{"line":267,"column":2}},"157":{"start":{"line":266,"column":2},"end":{"line":266,"column":38}},"158":{"start":{"line":268,"column":0},"end":{"line":274,"column":2}},"159":{"start":{"line":269,"column":2},"end":{"line":269,"column":38}},"160":{"start":{"line":270,"column":2},"end":{"line":270,"column":46}},"161":{"start":{"line":271,"column":2},"end":{"line":271,"column":29}},"162":{"start":{"line":272,"column":2},"end":{"line":272,"column":53}},"163":{"start":{"line":273,"column":2},"end":{"line":273,"column":66}},"164":{"start":{"line":275,"column":0},"end":{"line":277,"column":2}},"165":{"start":{"line":276,"column":2},"end":{"line":276,"column":90}}},"branchMap":{"1":{"line":21,"type":"if","locations":[{"start":{"line":21,"column":6},"end":{"line":21,"column":6}},{"start":{"line":21,"column":6},"end":{"line":21,"column":6}}]},"2":{"line":31,"type":"if","locations":[{"start":{"line":31,"column":4},"end":{"line":31,"column":4}},{"start":{"line":31,"column":4},"end":{"line":31,"column":4}}]},"3":{"line":36,"type":"if","locations":[{"start":{"line":36,"column":4},"end":{"line":36,"column":4}},{"start":{"line":36,"column":4},"end":{"line":36,"column":4}}]},"4":{"line":58,"type":"if","locations":[{"start":{"line":58,"column":6},"end":{"line":58,"column":6}},{"start":{"line":58,"column":6},"end":{"line":58,"column":6}}]},"5":{"line":58,"type":"binary-expr","locations":[{"start":{"line":58,"column":10},"end":{"line":58,"column":14}},{"start":{"line":58,"column":18},"end":{"line":58,"column":33}},{"start":{"line":58,"column":37},"end":{"line":58,"column":47}}]},"6":{"line":60,"type":"cond-expr","locations":[{"start":{"line":62,"column":12},"end":{"line":62,"column":32}},{"start":{"line":63,"column":12},"end":{"line":63,"column":22}}]},"7":{"line":69,"type":"if","locations":[{"start":{"line":69,"column":6},"end":{"line":69,"column":6}},{"start":{"line":69,"column":6},"end":{"line":69,"column":6}}]},"8":{"line":71,"type":"binary-expr","locations":[{"start":{"line":71,"column":33},"end":{"line":71,"column":50}},{"start":{"line":71,"column":54},"end":{"line":71,"column":56}}]},"9":{"line":74,"type":"if","locations":[{"start":{"line":74,"column":45},"end":{"line":74,"column":45}},{"start":{"line":74,"column":45},"end":{"line":74,"column":45}}]},"10":{"line":76,"type":"if","locations":[{"start":{"line":76,"column":6},"end":{"line":76,"column":6}},{"start":{"line":76,"column":6},"end":{"line":76,"column":6}}]},"11":{"line":76,"type":"binary-expr","locations":[{"start":{"line":76,"column":10},"end":{"line":76,"column":15}},{"start":{"line":76,"column":20},"end":{"line":76,"column":26}},{"start":{"line":76,"column":30},"end":{"line":76,"column":46}}]},"12":{"line":80,"type":"if","locations":[{"start":{"line":80,"column":4},"end":{"line":80,"column":4}},{"start":{"line":80,"column":4},"end":{"line":80,"column":4}}]},"13":{"line":91,"type":"if","locations":[{"start":{"line":91,"column":4},"end":{"line":91,"column":4}},{"start":{"line":91,"column":4},"end":{"line":91,"column":4}}]},"14":{"line":94,"type":"if","locations":[{"start":{"line":94,"column":6},"end":{"line":94,"column":6}},{"start":{"line":94,"column":6},"end":{"line":94,"column":6}}]},"15":{"line":102,"type":"if","locations":[{"start":{"line":102,"column":6},"end":{"line":102,"column":6}},{"start":{"line":102,"column":6},"end":{"line":102,"column":6}}]},"16":{"line":127,"type":"if","locations":[{"start":{"line":127,"column":6},"end":{"line":127,"column":6}},{"start":{"line":127,"column":6},"end":{"line":127,"column":6}}]},"17":{"line":133,"type":"if","locations":[{"start":{"line":133,"column":6},"end":{"line":133,"column":6}},{"start":{"line":133,"column":6},"end":{"line":133,"column":6}}]},"18":{"line":154,"type":"binary-expr","locations":[{"start":{"line":154,"column":10},"end":{"line":154,"column":22}},{"start":{"line":154,"column":26},"end":{"line":154,"column":28}}]},"19":{"line":158,"type":"binary-expr","locations":[{"start":{"line":158,"column":10},"end":{"line":158,"column":22}},{"start":{"line":158,"column":26},"end":{"line":159,"column":17}}]},"20":{"line":160,"type":"cond-expr","locations":[{"start":{"line":160,"column":35},"end":{"line":160,"column":48}},{"start":{"line":160,"column":51},"end":{"line":160,"column":55}}]},"21":{"line":161,"type":"cond-expr","locations":[{"start":{"line":161,"column":35},"end":{"line":161,"column":48}},{"start":{"line":161,"column":51},"end":{"line":161,"column":55}}]},"22":{"line":170,"type":"binary-expr","locations":[{"start":{"line":170,"column":2},"end":{"line":170,"column":14}},{"start":{"line":170,"column":19},"end":{"line":170,"column":28}}]},"23":{"line":172,"type":"binary-expr","locations":[{"start":{"line":172,"column":12},"end":{"line":172,"column":32}},{"start":{"line":172,"column":36},"end":{"line":172,"column":38}}]},"24":{"line":179,"type":"if","locations":[{"start":{"line":179,"column":2},"end":{"line":179,"column":2}},{"start":{"line":179,"column":2},"end":{"line":179,"column":2}}]},"25":{"line":180,"type":"binary-expr","locations":[{"start":{"line":180,"column":38},"end":{"line":180,"column":55}},{"start":{"line":180,"column":59},"end":{"line":180,"column":66}}]},"26":{"line":185,"type":"binary-expr","locations":[{"start":{"line":185,"column":4},"end":{"line":185,"column":16}},{"start":{"line":185,"column":21},"end":{"line":185,"column":30}}]},"27":{"line":195,"type":"if","locations":[{"start":{"line":195,"column":4},"end":{"line":195,"column":4}},{"start":{"line":195,"column":4},"end":{"line":195,"column":4}}]},"28":{"line":203,"type":"binary-expr","locations":[{"start":{"line":203,"column":9},"end":{"line":203,"column":38}},{"start":{"line":203,"column":43},"end":{"line":203,"column":64}},{"start":{"line":203,"column":69},"end":{"line":203,"column":84}},{"start":{"line":203,"column":88},"end":{"line":203,"column":110}}]},"29":{"line":212,"type":"if","locations":[{"start":{"line":212,"column":4},"end":{"line":212,"column":4}},{"start":{"line":212,"column":4},"end":{"line":212,"column":4}}]},"30":{"line":215,"type":"if","locations":[{"start":{"line":215,"column":4},"end":{"line":215,"column":4}},{"start":{"line":215,"column":4},"end":{"line":215,"column":4}}]},"31":{"line":232,"type":"if","locations":[{"start":{"line":232,"column":6},"end":{"line":232,"column":6}},{"start":{"line":232,"column":6},"end":{"line":232,"column":6}}]},"32":{"line":243,"type":"if","locations":[{"start":{"line":243,"column":2},"end":{"line":243,"column":2}},{"start":{"line":243,"column":2},"end":{"line":243,"column":2}}]},"33":{"line":243,"type":"binary-expr","locations":[{"start":{"line":243,"column":6},"end":{"line":243,"column":20}},{"start":{"line":243,"column":24},"end":{"line":243,"column":42}}]},"34":{"line":244,"type":"cond-expr","locations":[{"start":{"line":244,"column":51},"end":{"line":244,"column":61}},{"start":{"line":244,"column":64},"end":{"line":244,"column":73}}]},"35":{"line":245,"type":"if","locations":[{"start":{"line":245,"column":4},"end":{"line":245,"column":4}},{"start":{"line":245,"column":4},"end":{"line":245,"column":4}}]},"36":{"line":263,"type":"binary-expr","locations":[{"start":{"line":263,"column":10},"end":{"line":263,"column":15}},{"start":{"line":263,"column":19},"end":{"line":263,"column":21}}]},"37":{"line":269,"type":"binary-expr","locations":[{"start":{"line":269,"column":2},"end":{"line":269,"column":18}},{"start":{"line":269,"column":23},"end":{"line":269,"column":36}}]},"38":{"line":272,"type":"binary-expr","locations":[{"start":{"line":272,"column":33},"end":{"line":272,"column":46}},{"start":{"line":272,"column":50},"end":{"line":272,"column":52}}]},"39":{"line":273,"type":"binary-expr","locations":[{"start":{"line":273,"column":43},"end":{"line":273,"column":59}},{"start":{"line":273,"column":63},"end":{"line":273,"column":65}}]}},"code":["// Generated by LiveScript 1.3.1","var fw, utils, extract, download, join, spawn, EventEmitter, next, tmpdir, read, has, rm, delimiter, isWin, isArray, replaceEnvVars, isUrl, handleExit, hooksKeys, regexQuotes, regexSpaces, run, apply, readNarJson, getHooks, applyDefaultScriptHooks, mergeHooksArgs, mapHooks, isBinaryValid, exec, getCommandScript, parseCommand, parseFlags, cleanSpaces, setEnvironment, extendPath, slice$ = [].slice;","fw = require('fw');","utils = require('./utils');","extract = require('./extract');","download = require('./download');","join = require('path').join;","spawn = require('child_process').spawn;","EventEmitter = require('events').EventEmitter;","next = utils.next, tmpdir = utils.tmpdir, read = utils.read, has = utils.has, rm = utils.rm, delimiter = utils.delimiter, isWin = utils.isWin, isArray = utils.isArray, replaceEnvVars = utils.replaceEnvVars, isUrl = utils.isUrl, handleExit = utils.handleExit;","hooksKeys = ['prestart', 'start', 'stop', 'poststop'];","regexQuotes = /^[\\'\\\"]+|[\\'\\\"]+$/g;","regexSpaces = /\\s+/g;","module.exports = run = function(options){","  var ref$, path, hooks, args, dest, clean, emitter, cleanDir, onError, onEntry, onArchive, onProgress, onDownloadEnd, onEnd, onDownload, hooksFn, appRunner, extractArchive, downloadArchive, doExtract, e;","  ref$ = options = apply(","  options), path = ref$.path, hooks = ref$.hooks, args = ref$.args, dest = ref$.dest, clean = ref$.clean;","  emitter = new EventEmitter;","  cleanDir = function(){","    try {","      if (clean) {","        return rm(dest);","      }","    } catch (e$) {}","  };","  onError = function(err, code, cmd){","    cleanDir();","    return emitter.emit('error', err, code, cmd);","  };","  onEntry = function(entry){","    if (entry) {","      return emitter.emit('entry', entry);","    }","  };","  onArchive = function(archive){","    if (archive) {","      return emitter.emit('archive', archive);","    }","  };","  onProgress = function(status){","    return emitter.emit('progress', status);","  };","  onDownloadEnd = function(it){","    return emitter.emit('downloadEnd', it);","  };","  onEnd = function(options, nar){","    cleanDir();","    return emitter.emit('end', options, nar);","  };","  onDownload = function(){","    return emitter.emit(","    'download');","  };","  hooksFn = function(nar){","    var buf, addHookFn, addStartMainScript, hook, ref$, cmd, own$ = {}.hasOwnProperty;","    buf = [];","    addHookFn = function(cmd, hook){","      if (args && has(args, hook) && args[hook]) {","        cmd += ' ' + parseFlags(","        isArray(","        args[hook])","          ? args[hook].join(' ')","          : args[hook]);","      }","      return buf.push(","      exec(emitter, cmd, dest, hook));","    };","    addStartMainScript = function(){","      if (nar.manifest.main) {","        return buf.push(","        exec(emitter, \"node \" + (nar.manifest.main || ''), dest, 'start'));","      }","    };","    for (hook in ref$ = getHooks(nar, args)) if (own$.call(ref$, hook)) {","      cmd = ref$[hook];","      if (hooks || (!hooks && hook === 'start')) {","        addHookFn(cmd, hook);","      }","    }","    if (!buf.length) {","      addStartMainScript();","    }","    return buf;","  };","  appRunner = function(options){","    var nar;","    nar = readNarJson(","    dest);","    emitter.emit('info', nar);","    setEnvironment(dest, nar.manifest);","    if (nar.binary) {","      extendPath(","      dest);","      if (!isBinaryValid(","      nar)) {","        return onError(","        new Error('Unsupported binary platform or processor'));","      }","    }","    return fw.series(hooksFn(","    nar), function(err){","      if (err) {","        return onError(","        err);","      }","      return onEnd(options, nar);","    });","  };","  extractArchive = function(){","    emitter.emit(","    'extract');","    r
[...]
,"90":0,"91":0,"95":1,"96":0,"97":0}},"/home/travis/build/npmtest/node-npmtest-nar/node_modules/nar/lib/commands/list.js":{"path":"/home/travis/build/npmtest/node-npmtest-nar/node_modules/nar/lib/commands/list.js","s":{"1":1,"2":1,"3":1,"4":1,"5":1,"6":1,"7":1,"8":1,"9":1,"10":0,"11":0,"12":1,"13":0,"14":0,"15":0,"16":0,"17":0,"18":0,"19":0,"20":0,"21":0,"22":0,"23":0,"24":0,"25":0,"26":0,"27":0,"28":0,"29":0,"30":0,"31":0,"32":0,"33":0,"34":0,"35":1,"36":0,"37":0},"b":{"1":[0,0],"2":[0,0],"3":[0,0],"4":[0,0],"5":[0,0]},"f":{"1":0,"2":0,"3":0,"4":0,"5":0,"6":0,"7":0,"8":0},"fnMap":{"1":{"name":"(anonymous_1)","line":10,"loc":{"start":{"line":10,"column":241},"end":{"line":10,"column":251}}},"2":{"name":"(anonymous_2)","line":12,"loc":{"start":{"line":12,"column":10},"end":{"line":12,"column":20}}},"3":{"name":"(anonymous_3)","line":15,"loc":{"start":{"line":15,"column":7},"end":{"line":15,"column":33}}},"4":{"name":"(anonymous_4)","line":24,"loc":{"start":{"line":24,"column":11},"end":{"line":24,"column":23}}},"5":{"name":"(anonymous_5)","line":29,"loc":{"start":{"line":29,"column":12},"end":{"line":29,"column":24}}},"6":{"name":"(anonymous_6)","line":44,"loc":{"start":{"line":44,"column":10},"end":{"line":44,"column":20}}},"7":{"name":"(anonymous_7)","line":50,"loc":{"start":{"line":50,"column":9},"end":{"line":50,"column":19}}},"8":{"name":"(anonymous_8)","line":62,"loc":{"start":{"line":62,"column":11},"end":{"line":62,"column":23}}}},"statementMap":{"1":{"start":{"line":2,"column":0},"end":{"line":2,"column":104}},"2":{"start":{"line":3,"column":0},"end":{"line":3,"column":23}},"3":{"start":{"line":4,"column":0},"end":{"line":4,"column":24}},"4":{"start":{"line":5,"column":0},"end":{"line":5,"column":29}},"5":{"start":{"line":6,"column":0},"end":{"line":6,"column":29}},"6":{"start":{"line":7,"column":0},"end":{"line":7,"column":31}},"7":{"start":{"line":8,"column":0},"end":{"line":8,"column":43}},"8":{"start":{"line":9,"column":0},"end":{"line":9,"column":99}},"9":{"start":{"line":10,"column":0},"end":{"line":14,"column":3}},"10":{"start":{"line":11,"column":2},"end":{"line":11,"column":100}},"11":{"start":{"line":13,"column":2},"end":{"line":13,"column":37}},"12":{"start":{"line":15,"column":0},"end":{"line":61,"column":2}},"13":{"start":{"line":16,"column":2},"end":{"line":16,"column":69}},"14":{"start":{"line":17,"column":2},"end":{"line":17,"column":47}},"15":{"start":{"line":18,"column":2},"end":{"line":20,"column":5}},"16":{"start":{"line":21,"column":2},"end":{"line":23,"column":4}},"17":{"start":{"line":24,"column":2},"end":{"line":28,"column":4}},"18":{"start":{"line":25,"column":4},"end":{"line":27,"column":9}},"19":{"start":{"line":29,"column":2},"end":{"line":43,"column":4}},"20":{"start":{"line":30,"column":4},"end":{"line":30,"column":13}},"21":{"start":{"line":31,"column":4},"end":{"line":42,"column":5}},"22":{"start":{"line":32,"column":6},"end":{"line":33,"column":10}},"23":{"start":{"line":34,"column":6},"end":{"line":37,"column":7}},"24":{"start":{"line":35,"column":8},"end":{"line":36,"column":14}},"25":{"start":{"line":39,"column":6},"end":{"line":41,"column":31}},"26":{"start":{"line":44,"column":2},"end":{"line":49,"column":4}},"27":{"start":{"line":45,"column":4},"end":{"line":48,"column":5}},"28":{"start":{"line":46,"column":6},"end":{"line":47,"column":28}},"29":{"start":{"line":50,"column":2},"end":{"line":53,"column":4}},"30":{"start":{"line":51,"column":4},"end":{"line":52,"column":69}},"31":{"start":{"line":54,"column":2},"end":{"line":60,"column":3}},"32":{"start":{"line":55,"column":4},"end":{"line":55,"column":18}},"33":{"start":{"line":57,"column":4},"end":{"line":57,"column":11}},"34":{"start":{"line":58,"column":4},"end":{"line":59,"column":7}},"35":{"start":{"line":62,"column":0},"end":{"line":69,"column":2}},"36":{"start":{"line":63,"column":2},"end":{"line":68,"column":3}},"37":{"start":{"line":64,"column":4},"end":{"line":67,"column":6}}},"branchMap":{"1":{"line":31,"type":"if","locations":[{"start":{"line":31,"column":4},"end":{"line":31,"column":4}},{"start":{"line":31,"column":4},"end":{"line":31,"column":4}}]},"2":{"line":34,"type":"if","locations":[{"start":{"line":34,"column":6},"end":{"line":34,"column":6}},{"start":{"line":34,"column":6},"end":{"line":34,"column":6}}]},"3":{"line":45,"type":"if","locations":[{"start":{"line":45,"column":4},"end":{"line":45,"column":4}},{"start":{"line":45,"column":4},"end":{"line":45,"column":4}}]},"4":{"line":63,"type":"if","locations":[{"start":{"line":63,"column":2},"end":{"line":63,"column":2}},{"start":{"line":63,"column":2},"end":{"line":63,"column":2}}]},"5":{"line":63,"type":"binary-expr","locations":[{"start":{"line":63,"column":6},"end":{"line":63,"column":8}},{"start":{"line":63,"column":12},"end":{"line":63,"column":22}}]}},"code":["// Generated by LiveScript 1.3.1","var path, nar, common, Table, program, join, basename, echo, onError, toKb, archiveName, list, mapEntry;","path = require('path');","nar = require('../nar');","common = require('./common');","Table = require('cli-table');","program = require('commander');","join = path.join, basename = path.basename;","echo = common.echo, onError = common.onError, toKb = common.toKb, archiveName = common.archiveName;","program.command('list <archive>').description('\\n  List archive files').usage('<archive> [options]').option('-d, --debug', 'Enable debud mode. More information will be shown').option('--no-table', 'Disable table format output').on('--help', function(){","  return echo('  Usage examples:\\n\\n    $ nar list app.nar\\n    $ nar list app.nar --no-table\\n\\t');","}).action(function(){","  return list.apply(this, arguments);","});","list = function(archive, options){","  var debug, table, tableList, opts, onInfo, onEntry, onEnd, list, e;","  debug = options.debug, table = options.table;","  tableList = new Table({","    head: ['Name', 'Destination', 'Size', 'Type']","  });","  opts = {","    path: archive","  };","  onInfo = function(it){","    return echo(","    \"Package: \" + archiveName(","    it));","  };","  onEntry = function(it){","    var item;","    if (table) {","      item = mapEntry(","      it);","      if (item) {","        return tableList.push(","        item);","      }","    } else {","      return echo(","      join(it.dest, it.archive) + (\" (\" + toKb(","      it.size) + \" KB)\").cyan);","    }","  };","  onEnd = function(){","    if (table) {","      return echo(","      tableList.toString());","    }","  };","  list = function(){","    return nar.list(opts).on('error', onError(","    debug)).on('info', onInfo).on('entry', onEntry).on('end', onEnd);","  };","  try {","    return list();","  } catch (e$) {","    e = e$;","    return onError(debug)(","    e);","  }","};","mapEntry = function(it){","  if (it && it.archive) {","    return [","      basename(it.archive, '.tar'), it.dest, toKb(","      it.size) + ' KB', it.type","    ];","  }","};",""],"l":{"2":1,"3":1,"4":1,"5":1,"6":1,"7":1,"8":1,"9":1,"10":1,"11":0,"13":0,"15":1,"16":0,"17":0,"18":0,"21":0,"24":0,"25":0,"29":0,"30":0,"31":0,"32":0,"34":0,"35":0,"39":0,"44":0,"45":0,"46":0,"50":0,"51":0,"54":0,"55":0,"57":0,"58":0,"62":1,"63":0,"64":0}},"/home/travis/build/npmtest/node-npmtest-nar/node_modules/nar/lib/commands/install.js":{"path":"/home/travis/build/npmtest/node-npmtest-nar/node_modules/nar/lib/commands/install.js","s":{"1":1,"2":1,"3":1,"4":1,"5":1,"6":1,"7":0,"8":0,"9":1,"10":0,"11":0,"12":0,"13":0,"14":0,"15":0,"16":0,"17":0,"18":0,"19":0,"20":0,"21":0,"22":0,"23":0,"24":0,"25":0,"26":0,"27":0,"28":0},"b":{"1":[0,0],"2":[0,0],"3":[0,0]},"f":{"1":0,"2":0,"3":0,"4":0,"5":0,"6":0},"fnMap":{"1":{"name":"(anonymous_1)","line":7,"loc":{"start":{"line":7,"column":1025},"end":{"line":7,"column":1035}}},"2":{"name":"(anonymous_2)","line":9,"loc":{"start":{"line":9,"column":10},"end":{"line":9,"column":20}}},"3":{"name":"(anonymous_3)","line":12,"loc":{"start":{"line":12,"column":10},"end":{"line":12,"column":36}}},"4":{"name":"(anonymous_4)","line":27,"loc":{"start":{"line":27,"column":12},"end":{"line":27,"column":22}}},"5":{"name":"(anonymous_5)","line":31,"loc":{"start":{"line":31,"column":10},"end":{"line":31,"column":22}}},"6":{"name":"(anonymous_6)","line":35,"loc":{"start":{"line":35,"column":12},"end":{"line":35,"column":22}}}},"statementMap":{"1":{"start":{"line":2,"column":0},"end":{"line":2,"column":147}},"2":{"start":{"line":3,"column":0},"end":{"line":3,"column":24}},"3":{"start":{"line":4,"column":0},"end":{"line":4,"column":29}},"4":{"start":{"line":5,"column":0},"end":{"line":5,"column":31}},"5":{"start":{"line":6,"column":0},"end":{"line":6,"column":313}},"6":{"start":{"line":7,"column":0},"end":{"line":11,"column":3}},"7":{"start":{"line":8,"column":2},"end":{"line":8,"column":200}},"8":{"start":{"line":10,"column":2},"end":{"line":10,"column":40}},"9":{"start":{"line":12,"column":0},"end":{"line":53,"column":2}},"10":{"start":{"line":13,"column":2},"end":{"line":13,"column":79}},"11":{"start":{"line":14,"column":2},"end":{"line":14,"column":107}},"12":{"start":{"line":15,"column":2},"end":{"line":15,"column":20}},"13":{"start":{"line":16,"column":2},"end":{"line":20,"column":5}},"14":{"start":{"line":21,"column":2},"end":{"line":26,"column":3}},"15":{"start":{"line":22,"column":4},"end":{"line":25,"column":6}},"16":{"start":{"line":27,"column":2},"end":{"line":30,"column":4}},"17":{"start":{"line":28,"column":4},"end":{"line":29,"column":29}},"18":{"start":{"line":31,"column":2},"end":{"line":34,"column":4}},"19":{"start":{"line":32,"column":4},"end":{"line":33,"column":32}},"20":{"start":{"line":35,"column":2},"end":{"line":45,"column":4}},"21":{"start":{"line":36,"column":4},"end":{"line":36,"column":18}},"22":{"start":{"line":37,"column":4},"end":{"line":40,"column":27}},"23":{"start":{"line":41,"column":4},"end":{"line":44,"column":5}},"24":{"start":{"line":42,"column":6},"end":{"line":43,"column":18}},"25":{"start":{"line":46,"column":2},"end":{"line":52,"column":3}},"26":{"start":{"line":47,"column":4},"end":{"line":47,"column":21}},"27":{"start":{"line":49,"column":4},"end":{"line":49,"column":11}},"28":{"start":{"line":50,"column":4},"end":{"line":51,"column":48}}},"branchMap":{"1":{"line":21,"type":"if","locations":[{"start":{"line":21,"column":2},"end":{"line":21,"column":2}},{"start":{"line":21,"column":2},"end":{"line":21,"column":2}}]},"2":{"line":41,"type":"if","locations":[{"start":{"line":41,"column":4},"end":{"line":41,"column":4}},{"start":{"line":41,"column":4},"end":{"line":41,"column":4}}]},"3":{"line":41,"type":"binary-expr","locations":[{"start":{"line":41,"column":8},"end":{"line":41,"column":13}},{"start":{"line":41,"column":17},"end":{"line":41,"column":24}}]}},"code":["// Generated by LiveScript 1.3.1","var nar, common, program, echo, extend, createBar, onExtract, onDownload, onStart, onError, onProgress, onEntry, updateBar, onDownloadEnd, install;","nar = require('../nar');","common = require('./common');","program = require('commander');","echo = common.echo, extend = common.extend, createBar = common.createBar, onExtract = common.onExtract, onDownload = common.onDownload, onStart = common.onStart, onError = common.onError, onProgress = common.onProgress, onEntry = common.onEntry, updateBar = common.updateBar, onDownloadEnd = common.onDownloadEnd;","program.command('install <archive>').description('\\n  Install archive').usage('<archive> [options]').option('-o, --output <path>', 'Install directory. Default to node_modules').option('-f, --filename <name>', 'Downloaded filename. Default taken from URL path name').option('-u, --user <user>', 'HTTP autenticantion user').option('-p, --password <password>', 'HTTP user password').option('--proxy <url>', 'Proxy server URL to use').option('--timeout <number>', 'HTTP request timeout').option('--strict-ssl', 'Enable strict SSL').option('-d, --debug', 'Enable debug mode. More information will be shown').option('-v, --verbose', 'Enable verbose mode. A lot of information will be shown').option('-s, --save', 'Save as runtime dependency in package.json').option('-sd, --save-dev', 'Save as development dependency in package.json').option('-sp, --save-peer', 'Save as peer dependency in package.json').option('-g, --global', 'Install as global dependency').option('--clean', 'Remove downloaded file after install').on('--help', function(){","  return echo('  Usage examples:\\n\\n    $ nar install app.nar --save\\n    $ nar install app.nar -o some/dir\\n    $ nar install app.nar --debug\\n    $ nar install http://server.net/app-0.1.0.nar\\n\\t');","}).action(function(){","  return install.apply(this, arguments);","});","install = function(archive, options){","  var debug, verbose, output, strictSsl, bar, opts, onStart, onEnd, extract, e;","  debug = options.debug, verbose = options.verbose, output = options.output, strictSsl = options.strictSsl;","  bar = createBar();","  opts = extend(options, {","    path: archive,","    dest: output,","    strictSSL: strictSsl","  });","  if (options.user) {","    opts.auth = {","      user: options.user,","      password: options.password","    };","  }","  onStart = function(){","    return echo(","    \"Installing archive...\");","  };","  onEnd = function(it){","    return echo(","    \"Installed in: \" + it.dest);","  };","  extract = function(){","    var installer;","    installer = nar.install(opts).on('start', onStart).on('progress', onProgress(","    bar)).on('download', onDownload).on('error', onError(","    debug)).on('downloadEnd', onDownloadEnd(","    bar)).on('end', onEnd);","    if (debug || verbose) {","      return installer.on('entry', onEntry(","      'Extract'));","    }","  };","  try {","    return extract();","  } catch (e$) {","    e = e$;","    return onError(debug)(","    \"Cannot install the archive: \" + e.message);","  }","};",""],"l":{"2":1,"3":1,"4":1,"5":1,"6":1,"7":1,"8":0,"10":0,"12":1,"13":0,"14":0,"15":0,"16":0,"21":0,"22":0,"27":0,"28":0,"31":0,"32":0,"35":0,"36":0,"37":0,"41":0,"42":0,"46":0,"47":0,"49":0,"50":0}},"/home/travis/build/npmtest/node-npmtest-nar/node_modules/nar/lib/commands/get.js":{"path":"/home/travis/build/npmtest/node-npmtest-nar/node_modules/nar/lib/commands/get.js","s":{"1":1,"2":1,"3":1,"4":1,"5":1,"6":1,"7":1,"8":0,"9":0,"10":1,"11":0,"12":0,"13":0,"14":0,"15":0,"16":0,"17":0,"18":0,"19":0,"20":0,"21":0,"22":0,"23":0,"24":0,"25":0,"26":0,"27":0},"b":{"1":[0,0],"2":[0,0]},"f":{"1":0,"2":0,"3":0,"4":0,"5":0},"fnMap":{"1":{"name":"(anonymous_1)","line":8,"loc":{"start":{"line":8,"column":626},"end":{"line":8,"column":636}}},"2":{"name":"(anonymous_2)","line":10,"loc":{"start":{"line":10,"column":10},"end":{"line":10,"column":20}}},"3":{"name":"(anonymous_3)","line":13,"loc":{"start":{"line":13,"column":6},"end":{"line":13,"column":28}}},"4":{"name":"(anonymous_4)","line":36,"loc":{"start":{"line":36,"column":10},"end":{"line":36,"column":22}}},"5":{"name":"(anonymous_5)","line":43,"loc":{"start":{"line":43,"column":13},"end":{"line":43,"column":23}}}},"statementMap":{"1":{"start":{"line":2,"column":0},"end":{"line":2,"column":114}},"2":{"start":{"line":3,"column":0},"end":{"line":3,"column":31}},"3":{"start":{"line":4,"column":0},"end":{"line":4,"column":24}},"4":{"start":{"line":5,"column":0},"end":{"line":5,"column":29}},"5":{"start":{"line":6,"column":0},"end":{"line":6,"column":31}},"6":{"start":{"line":7,"column":0},"end":{"line":7,"column":211}},"7":{"start":{"line":8,"column":0},"end":{"line":12,"column":3}},"8":{"start":{"line":9,"column":2},"end":{"line":9,"column":288}},"9":{"start":{"line":11,"column":2},"end":{"line":11,"column":36}},"10":{"start":{"line":13,"column":0},"end":{"line":55,"column":2}},"11":{"start":{"line":14,"column":2},"end":{"line":14,"column":62}},"12":{"start":{"line":15,"column":2},"end":{"line":15,"column":80}},"13":{"start":{"line":16,"column":2},"end":{"line":16,"column":20}},"14":{"start":{"line":17,"column":2},"end":{"line":24,"column":4}},"15":{"start":{"line":25,"column":2},"end":{"line":30,"column":3}},"16":{"start":{"line":26,"column":4},"end":{"line":29,"column":6}},"17":{"start":{"line":31,"column":2},"end":{"line":35,"column":3}},"18":{"start":{"line":33,"column":4},"end":{"line":34,"column":54}},"19":{"start":{"line":36,"column":2},"end":{"line":42,"column":4}},"20":{"start":{"line":37,"column":4},"end":{"line":39,"column":15}},"21":{"start":{"line":40,"column":4},"end":{"line":41,"column":30}},"22":{"start":{"line":43,"column":2},"end":{"line":47,"column":4}},"23":{"start":{"line":44,"column":4},"end":{"line":46,"column":29}},"24":{"start":{"line":48,"column":2},"end":{"line":54,"column":3}},"25":{"start":{"line":49,"column":4},"end":{"line":49,"column":22}},"26":{"start":{"line":51,"column":4},"end":{"line":51,"column":11}},"27":{"start":{"line":52,"column":4},"end":{"line":53,"column":49}}},"branchMap":{"1":{"line":25,"type":"if","locations":[{"start":{"line":25,"column":2},"end":{"line":25,"column":2}},{"start":{"line":25,"column":2},"end":{"line":25,"column":2}}]},"2":{"line":31,"type":"if","locations":[{"start":{"line":31,"column":2},"end":{"line":31,"column":2}},{"start":{"line":31,"column":2},"end":{"line":31,"column":2}}]}},"code":["// Generated by LiveScript 1.3.1","var progress, nar, common, program, echo, exit, isUrl, createBar, onDownload, onError, onProgress, updateBar, get;","progress = require('progress');","nar = require('../nar');","common = require('./common');","program = require('commander');","echo = common.echo, exit = common.exit, isUrl = common.isUrl, createBar = common.createBar, onDownload = common.onDownload, onError = common.onError, onProgress = common.onProgress, updateBar = common.updateBar;","program.command('get <url>').description('\\n  Download archive from HTTP server').usage('<url> [options]').option('-o, --output <path>', 'Output directory. Default to current directory').option('-f, --filename <name>', 'Downloaded filename. Default taken from URL path name').option('-u, --user <user>', 'HTTP autenticantion user').option('-p, --password <password>', 'HTTP user password').option('--proxy <url>', 'Proxy server URL to use').option('--timeout <number>', 'HTTP request timeout').option('--strict-ssl', 'Enable strict SSL').option('-d, --debug', 'Enable debug mode. More information will be shown').on('--help', function(){","  return echo('  Usage examples:\\n\\n    $ nar get http://server.net/app.nar\\n    $ nar get http://server.net/app.nar --user john --password pa$s\\n    $ nar get http://server.net/app.nar --proxy http://proxy:3128\\n    $ nar get http://server.net/app.nar --strict-ssl --timeout 60000\\n\\t');","}).action(function(){","  return get.apply(this, arguments);","});","get = function(url, options){","  var debug, output, strictSsl, bar, opts, onEnd, download, e;","  debug = options.debug, output = options.output, strictSsl = options.strictSsl;","  bar = createBar();","  opts = {","    url: url,","    dest: output,","    strictSSL: strictSsl,","    filename: options.filename,","    timeout: options.timeout,","    proxy: options.proxy","  };","  if (options.user) {","    opts.auth = {","      user: options.user,","      password: options.password","    };","  }","  if (!isUrl(","  url)) {","    exit(1)(","    echo(\"Invalid URL. Cannot download the archive\"));","  }","  onEnd = function(it){","    updateBar(","    bar)(","    bar.total);","    return echo(","    \"\\nDownloaded in: \" + it);","  };","  download = function(){","    return nar.get(opts).on('download', onDownload).on('progress', onProgress(","    bar)).on('error', onError(","    debug)).on('end', onEnd);","  };","  try {","    return download();","  } catch (e$) {","    e = e$;","    return onError(debug)(","    \"Cannot download the archive: \" + e.message);","  }","};",""],"l":{"2":1,"3":1,"4":1,"5":1,"6":1,"7":1,"8":1,"9":0,"11":0,"13":1,"14":0,"15":0,"16":0,"17":0,"25":0,"26":0,"31":0,"33":0,"36":0,"37":0,"40":0,"43":0,"44":0,"48":0,"49":0,"51":0,"52":0}}}